#
# There is insufficient memory for the Java Runtime Environment to continue.
# Native memory allocation (malloc) failed to allocate 32744 bytes for ChunkPool::allocate
# Possible reasons:
#   The system is out of physical RAM or swap space
#   The process is running with CompressedOops enabled, and the Java Heap may be blocking the growth of the native heap
# Possible solutions:
#   Reduce memory load on the system
#   Increase physical memory or swap space
#   Check if swap backing store is full
#   Decrease Java heap size (-Xmx/-Xms)
#   Decrease number of Java threads
#   Decrease Java thread stack sizes (-Xss)
#   Set larger code cache with -XX:ReservedCodeCacheSize=
#   JVM is running with Unscaled Compressed Oops mode in which the Java heap is
#     placed in the first 4GB address space. The Java Heap base address is the
#     maximum limit for the native heap growth. Please use -XX:HeapBaseMinAddress
#     to set the Java Heap base and to place the Java Heap above 4GB virtual address.
# This output file may be truncated or incomplete.
#
#  Out of Memory Error (allocation.cpp:272), pid=18624, tid=0x00000000000040d4
#
# JRE version: OpenJDK Runtime Environment (8.0_242-b01) (build 1.8.0_242-release-1644-b01)
# Java VM: OpenJDK 64-Bit Server VM (25.242-b01 mixed mode windows-amd64 compressed oops)
# Failed to write core dump. Minidumps are not enabled by default on client versions of Windows
#

---------------  T H R E A D  ---------------

Current thread (0x00000000195a8000):  JavaThread "C2 CompilerThread2" daemon [_thread_in_native, id=16596, stack(0x000000001a0a0000,0x000000001a1a0000)]

Stack: [0x000000001a0a0000,0x000000001a1a0000]
[error occurred during error reporting (printing stack bounds), id 0xc0000005]

Native frames: (J=compiled Java code, j=interpreted, Vv=VM code, C=native code)


Current CompileTask:
C2:  43641 1589       4       java.util.regex.Matcher::match (109 bytes)


---------------  P R O C E S S  ---------------

Java Threads: ( => current thread )
  0x000000001ac5d800 JavaThread "Thread-9" [_thread_blocked, id=21064, stack(0x000000001d120000,0x000000001d220000)]
  0x000000001ac5a800 JavaThread "Stdin handler" [_thread_blocked, id=4252, stack(0x000000001d020000,0x000000001d120000)]
  0x000000001ac58000 JavaThread "Asynchronous log dispatcher for DefaultDaemonConnection: socket connection from /127.0.0.1:61937 to /127.0.0.1:61983" [_thread_blocked, id=16516, stack(0x000000001cf20000,0x000000001d020000)]
  0x00000000197b8000 JavaThread "Daemon worker" [_thread_in_Java, id=21796, stack(0x000000001ce20000,0x000000001cf20000)]
  0x00000000197b7800 JavaThread "Cancel handler" [_thread_blocked, id=14588, stack(0x000000001cc20000,0x000000001cd20000)]
  0x000000001ad6a800 JavaThread "Handler for socket connection from /127.0.0.1:61937 to /127.0.0.1:61983" [_thread_in_native, id=3816, stack(0x000000001cb20000,0x000000001cc20000)]
  0x000000001adb5800 JavaThread "Daemon" [_thread_blocked, id=20560, stack(0x000000001ca20000,0x000000001cb20000)]
  0x000000001b703800 JavaThread "Daemon periodic checks" [_thread_blocked, id=8704, stack(0x000000001c720000,0x000000001c820000)]
  0x000000001ac96800 JavaThread "Incoming local TCP Connector on port 61937" [_thread_in_native, id=17720, stack(0x000000001c4b0000,0x000000001c5b0000)]
  0x000000001b651800 JavaThread "Daemon health stats" [_thread_blocked, id=19248, stack(0x000000001be70000,0x000000001bf70000)]
  0x00000000195b4800 JavaThread "Service Thread" daemon [_thread_blocked, id=4168, stack(0x000000001a2a0000,0x000000001a3a0000)]
  0x00000000195ae800 JavaThread "C1 CompilerThread3" daemon [_thread_blocked, id=20416, stack(0x000000001a1a0000,0x000000001a2a0000)]
=>0x00000000195a8000 JavaThread "C2 CompilerThread2" daemon [_thread_in_native, id=16596, stack(0x000000001a0a0000,0x000000001a1a0000)]
  0x00000000195a7000 JavaThread "C2 CompilerThread1" daemon [_thread_blocked, id=7952, stack(0x0000000019fa0000,0x000000001a0a0000)]
  0x00000000195a2800 JavaThread "C2 CompilerThread0" daemon [_thread_blocked, id=14980, stack(0x0000000019ea0000,0x0000000019fa0000)]
  0x00000000195a1000 JavaThread "Attach Listener" daemon [_thread_blocked, id=13508, stack(0x0000000019da0000,0x0000000019ea0000)]
  0x00000000195a0000 JavaThread "Signal Dispatcher" daemon [_thread_blocked, id=20924, stack(0x0000000019ca0000,0x0000000019da0000)]
  0x0000000019590800 JavaThread "Finalizer" daemon [_thread_blocked, id=2400, stack(0x0000000019a70000,0x0000000019b70000)]
  0x0000000002727000 JavaThread "Reference Handler" daemon [_thread_blocked, id=16068, stack(0x0000000019970000,0x0000000019a70000)]
  0x0000000002632800 JavaThread "main" [_thread_blocked, id=20104, stack(0x0000000002530000,0x0000000002630000)]

Other Threads:
  0x0000000017796800 VMThread [stack: 0x0000000019470000,0x0000000019570000] [id=8844]
  0x0000000019614000 WatcherThread [stack: 0x000000001a3a0000,0x000000001a4a0000] [id=18884]

VM state:not at safepoint (normal execution)

VM Mutex/Monitor currently owned by a thread: None

heap address: 0x0000000080000000, size: 2048 MB, Compressed Oops mode: 32-bit
Narrow klass base: 0x0000000000000000, Narrow klass shift: 3
Compressed class space size: 1073741824 Address: 0x0000000100000000

Heap:
 PSYoungGen      total 53248K, used 33945K [0x00000000d5580000, 0x00000000dbd80000, 0x0000000100000000)
  eden space 49152K, 60% used [0x00000000d5580000,0x00000000d72aa6e0,0x00000000d8580000)
  from space 4096K, 99% used [0x00000000d8580000,0x00000000d897c010,0x00000000d8980000)
  to   space 4096K, 0% used [0x00000000db980000,0x00000000db980000,0x00000000dbd80000)
 ParOldGen       total 65536K, used 2357K [0x0000000080000000, 0x0000000084000000, 0x00000000d5580000)
  object space 65536K, 3% used [0x0000000080000000,0x000000008024d490,0x0000000084000000)
 Metaspace       used 14177K, capacity 14716K, committed 14976K, reserved 1062912K
  class space    used 1948K, capacity 2124K, committed 2176K, reserved 1048576K

Card table byte_map: [0x0000000011af0000,0x0000000011f00000] byte_map_base: 0x00000000116f0000

Marking Bits: (ParMarkBitMap*) 0x000000005a2df030
 Begin Bits: [0x00000000129b0000, 0x00000000149b0000)
 End Bits:   [0x00000000149b0000, 0x00000000169b0000)

Polling page: 0x00000000022f0000

CodeCache: size=245760Kb used=5051Kb max_used=5270Kb free=240708Kb
 bounds [0x0000000002730000, 0x0000000002c70000, 0x0000000011730000]
 total_blobs=1836 nmethods=1454 adapters=296
 compilation: enabled

Compilation events (10 events):
Event: 43.544 Thread 0x00000000195ae800 nmethod 1586 0x000000000299d350 code [0x000000000299d4c0, 0x000000000299d6c8]
Event: 43.546 Thread 0x00000000195a7000 1587   !   4       java.net.URLClassLoader::findClass (47 bytes)
Event: 43.567 Thread 0x00000000195a7000 nmethod 1587 0x00000000028cd950 code [0x00000000028cdae0, 0x00000000028cdcd8]
Event: 43.574 Thread 0x00000000195ae800 1588       3       java.util.concurrent.TimeUnit$3::toNanos (11 bytes)
Event: 43.574 Thread 0x00000000195ae800 nmethod 1588 0x0000000002ab9e90 code [0x0000000002aba000, 0x0000000002aba270]
Event: 43.615 Thread 0x00000000195a8000 1589       4       java.util.regex.Matcher::match (109 bytes)
Event: 43.625 Thread 0x00000000195ae800 1590       3       java.util.AbstractCollection::toArray (147 bytes)
Event: 43.625 Thread 0x00000000195ae800 nmethod 1590 0x00000000029c7f50 code [0x00000000029c81c0, 0x00000000029c9318]
Event: 43.625 Thread 0x00000000195ae800 1591       3       java.util.regex.Pattern::expr (142 bytes)
Event: 43.626 Thread 0x00000000195ae800 nmethod 1591 0x0000000002933310 code [0x0000000002933540, 0x0000000002934168]

GC Heap History (6 events):
Event: 7.675 GC heap before
{Heap before GC invocations=1 (full 0):
 PSYoungGen      total 28672K, used 24576K [0x00000000d5580000, 0x00000000d7580000, 0x0000000100000000)
  eden space 24576K, 100% used [0x00000000d5580000,0x00000000d6d80000,0x00000000d6d80000)
  from space 4096K, 0% used [0x00000000d7180000,0x00000000d7180000,0x00000000d7580000)
  to   space 4096K, 0% used [0x00000000d6d80000,0x00000000d6d80000,0x00000000d7180000)
 ParOldGen       total 65536K, used 0K [0x0000000080000000, 0x0000000084000000, 0x00000000d5580000)
  object space 65536K, 0% used [0x0000000080000000,0x0000000080000000,0x0000000084000000)
 Metaspace       used 6924K, capacity 7236K, committed 7424K, reserved 1056768K
  class space    used 852K, capacity 944K, committed 1024K, reserved 1048576K
Event: 7.880 GC heap after
Heap after GC invocations=1 (full 0):
 PSYoungGen      total 28672K, used 3415K [0x00000000d5580000, 0x00000000d8d80000, 0x0000000100000000)
  eden space 24576K, 0% used [0x00000000d5580000,0x00000000d5580000,0x00000000d6d80000)
  from space 4096K, 83% used [0x00000000d6d80000,0x00000000d70d5c50,0x00000000d7180000)
  to   space 4096K, 0% used [0x00000000d8980000,0x00000000d8980000,0x00000000d8d80000)
 ParOldGen       total 65536K, used 8K [0x0000000080000000, 0x0000000084000000, 0x00000000d5580000)
  object space 65536K, 0% used [0x0000000080000000,0x0000000080002000,0x0000000084000000)
 Metaspace       used 6924K, capacity 7236K, committed 7424K, reserved 1056768K
  class space    used 852K, capacity 944K, committed 1024K, reserved 1048576K
}
Event: 11.083 GC heap before
{Heap before GC invocations=2 (full 0):
 PSYoungGen      total 28672K, used 27991K [0x00000000d5580000, 0x00000000d8d80000, 0x0000000100000000)
  eden space 24576K, 100% used [0x00000000d5580000,0x00000000d6d80000,0x00000000d6d80000)
  from space 4096K, 83% used [0x00000000d6d80000,0x00000000d70d5c50,0x00000000d7180000)
  to   space 4096K, 0% used [0x00000000d8980000,0x00000000d8980000,0x00000000d8d80000)
 ParOldGen       total 65536K, used 8K [0x0000000080000000, 0x0000000084000000, 0x00000000d5580000)
  object space 65536K, 0% used [0x0000000080000000,0x0000000080002000,0x0000000084000000)
 Metaspace       used 7603K, capacity 7914K, committed 8064K, reserved 1056768K
  class space    used 931K, capacity 1041K, committed 1152K, reserved 1048576K
Event: 11.215 GC heap after
Heap after GC invocations=2 (full 0):
 PSYoungGen      total 53248K, used 3098K [0x00000000d5580000, 0x00000000d8d80000, 0x0000000100000000)
  eden space 49152K, 0% used [0x00000000d5580000,0x00000000d5580000,0x00000000d8580000)
  from space 4096K, 75% used [0x00000000d8980000,0x00000000d8c86a78,0x00000000d8d80000)
  to   space 4096K, 0% used [0x00000000d8580000,0x00000000d8580000,0x00000000d8980000)
 ParOldGen       total 65536K, used 8K [0x0000000080000000, 0x0000000084000000, 0x00000000d5580000)
  object space 65536K, 0% used [0x0000000080000000,0x0000000080002000,0x0000000084000000)
 Metaspace       used 7603K, capacity 7914K, committed 8064K, reserved 1056768K
  class space    used 931K, capacity 1041K, committed 1152K, reserved 1048576K
}
Event: 35.362 GC heap before
{Heap before GC invocations=3 (full 0):
 PSYoungGen      total 53248K, used 52250K [0x00000000d5580000, 0x00000000d8d80000, 0x0000000100000000)
  eden space 49152K, 100% used [0x00000000d5580000,0x00000000d8580000,0x00000000d8580000)
  from space 4096K, 75% used [0x00000000d8980000,0x00000000d8c86a78,0x00000000d8d80000)
  to   space 4096K, 0% used [0x00000000d8580000,0x00000000d8580000,0x00000000d8980000)
 ParOldGen       total 65536K, used 8K [0x0000000080000000, 0x0000000084000000, 0x00000000d5580000)
  object space 65536K, 0% used [0x0000000080000000,0x0000000080002000,0x0000000084000000)
 Metaspace       used 11650K, capacity 12026K, committed 12160K, reserved 1060864K
  class space    used 1545K, capacity 1645K, committed 1664K, reserved 1048576K
Event: 35.868 GC heap after
Heap after GC invocations=3 (full 0):
 PSYoungGen      total 53248K, used 4080K [0x00000000d5580000, 0x00000000dbd80000, 0x0000000100000000)
  eden space 49152K, 0% used [0x00000000d5580000,0x00000000d5580000,0x00000000d8580000)
  from space 4096K, 99% used [0x00000000d8580000,0x00000000d897c010,0x00000000d8980000)
  to   space 4096K, 0% used [0x00000000db980000,0x00000000db980000,0x00000000dbd80000)
 ParOldGen       total 65536K, used 2357K [0x0000000080000000, 0x0000000084000000, 0x00000000d5580000)
  object space 65536K, 3% used [0x0000000080000000,0x000000008024d490,0x0000000084000000)
 Metaspace       used 11650K, capacity 12026K, committed 12160K, reserved 1060864K
  class space    used 1545K, capacity 1645K, committed 1664K, reserved 1048576K
}

Deoptimization events (10 events):
Event: 36.163 Thread 0x000000001ad6a800 Uncommon trap: reason=unstable_if action=reinterpret pc=0x0000000002a79bb0 method=java.lang.String.substring(I)Ljava/lang/String; @ 35
Event: 37.048 Thread 0x00000000197b8000 Uncommon trap: reason=bimorphic action=maybe_recompile pc=0x00000000029f7e0c method=java.util.HashMap.putVal(ILjava/lang/Object;Ljava/lang/Object;ZZ)Ljava/lang/Object; @ 253
Event: 37.048 Thread 0x00000000197b8000 Uncommon trap: reason=bimorphic action=maybe_recompile pc=0x00000000029f7e0c method=java.util.HashMap.putVal(ILjava/lang/Object;Ljava/lang/Object;ZZ)Ljava/lang/Object; @ 253
Event: 37.048 Thread 0x00000000197b8000 Uncommon trap: reason=bimorphic action=maybe_recompile pc=0x00000000029f7e0c method=java.util.HashMap.putVal(ILjava/lang/Object;Ljava/lang/Object;ZZ)Ljava/lang/Object; @ 253
Event: 37.048 Thread 0x00000000197b8000 Uncommon trap: reason=bimorphic action=maybe_recompile pc=0x00000000029f7e0c method=java.util.HashMap.putVal(ILjava/lang/Object;Ljava/lang/Object;ZZ)Ljava/lang/Object; @ 253
Event: 37.048 Thread 0x00000000197b8000 Uncommon trap: reason=bimorphic action=maybe_recompile pc=0x0000000002a09444 method=java.util.HashMap.putVal(ILjava/lang/Object;Ljava/lang/Object;ZZ)Ljava/lang/Object; @ 253
Event: 43.614 Thread 0x00000000197b8000 Uncommon trap: reason=class_check action=maybe_recompile pc=0x0000000002a80d5c method=java.util.regex.Matcher.match(II)Z @ 86
Event: 43.614 Thread 0x00000000197b8000 Uncommon trap: reason=class_check action=maybe_recompile pc=0x0000000002a80d5c method=java.util.regex.Matcher.match(II)Z @ 86
Event: 43.615 Thread 0x00000000197b8000 Uncommon trap: reason=class_check action=maybe_recompile pc=0x0000000002a80d5c method=java.util.regex.Matcher.match(II)Z @ 86
Event: 43.615 Thread 0x00000000197b8000 Uncommon trap: reason=class_check action=maybe_recompile pc=0x00000000028eb09c method=java.util.regex.Matcher.match(II)Z @ 86

Classes redefined (0 events):
No events

Internal exceptions (10 events):
Event: 36.016 Thread 0x000000001ad6a800 Exception <a 'java/lang/NoSuchMethodError': <clinit>> (0x00000000d56005b8) thrown at [C:\src\AOSP-openjdk-git\hotspot\src\share\vm\prims\jni.cpp, line 1615]
Event: 36.107 Thread 0x000000001ad6a800 Exception <a 'java/lang/NoSuchMethodError': <clinit>> (0x00000000d5612ec0) thrown at [C:\src\AOSP-openjdk-git\hotspot\src\share\vm\prims\jni.cpp, line 1615]
Event: 36.145 Thread 0x000000001ad6a800 Exception <a 'java/lang/NoSuchMethodError': <clinit>> (0x00000000d566daa8) thrown at [C:\src\AOSP-openjdk-git\hotspot\src\share\vm\prims\jni.cpp, line 1615]
Event: 36.150 Thread 0x000000001ad6a800 Exception <a 'java/lang/NoSuchMethodError': <clinit>> (0x00000000d56855c8) thrown at [C:\src\AOSP-openjdk-git\hotspot\src\share\vm\prims\jni.cpp, line 1615]
Event: 36.152 Thread 0x000000001ad6a800 Exception <a 'java/lang/NoSuchMethodError': <clinit>> (0x00000000d568e168) thrown at [C:\src\AOSP-openjdk-git\hotspot\src\share\vm\prims\jni.cpp, line 1615]
Event: 36.156 Thread 0x000000001ad6a800 Exception <a 'java/lang/NoSuchMethodError': <clinit>> (0x00000000d56a4498) thrown at [C:\src\AOSP-openjdk-git\hotspot\src\share\vm\prims\jni.cpp, line 1615]
Event: 36.227 Thread 0x000000001ad6a800 Exception <a 'java/lang/NoSuchMethodError': <clinit>> (0x00000000d571ec60) thrown at [C:\src\AOSP-openjdk-git\hotspot\src\share\vm\prims\jni.cpp, line 1615]
Event: 36.236 Thread 0x000000001ad6a800 Exception <a 'java/lang/NoSuchMethodError': <clinit>> (0x00000000d574e2f0) thrown at [C:\src\AOSP-openjdk-git\hotspot\src\share\vm\prims\jni.cpp, line 1615]
Event: 36.245 Thread 0x000000001ad6a800 Exception <a 'java/lang/NoSuchMethodError': <clinit>> (0x00000000d577c8e8) thrown at [C:\src\AOSP-openjdk-git\hotspot\src\share\vm\prims\jni.cpp, line 1615]
Event: 36.251 Thread 0x000000001ad6a800 Exception <a 'java/lang/NoSuchMethodError': <clinit>> (0x00000000d5788d60) thrown at [C:\src\AOSP-openjdk-git\hotspot\src\share\vm\prims\jni.cpp, line 1615]

Events (10 events):
Event: 43.615 Thread 0x00000000197b8000 Uncommon trap: trap_request=0xffffffde fr.pc=0x0000000002a80d5c
Event: 43.615 Thread 0x00000000197b8000 DEOPT PACKING pc=0x0000000002a80d5c sp=0x000000001cf1b340
Event: 43.615 Thread 0x00000000197b8000 DEOPT UNPACKING pc=0x000000000277557b sp=0x000000001cf1b2b0 mode 2
Event: 43.615 Thread 0x00000000197b8000 Uncommon trap: trap_request=0xffffffde fr.pc=0x00000000028eb09c
Event: 43.615 Thread 0x00000000197b8000 DEOPT PACKING pc=0x00000000028eb09c sp=0x000000001cf1b200
Event: 43.615 Thread 0x00000000197b8000 DEOPT UNPACKING pc=0x000000000277557b sp=0x000000001cf1b1d8 mode 2
Event: 43.615 loading class java/util/TreeMap$KeySet
Event: 43.615 loading class java/util/TreeMap$KeySet done
Event: 43.618 loading class java/util/TreeMap$Values
Event: 43.625 loading class java/util/TreeMap$Values done


Dynamic libraries:
0x00007ff626540000 - 0x00007ff626571000 	C:\Program Files\Android\Android Studio\jre\bin\java.exe
0x00007ffb1ef90000 - 0x00007ffb1f186000 	C:\WINDOWS\SYSTEM32\ntdll.dll
0x00007ffb1edd0000 - 0x00007ffb1ee8d000 	C:\WINDOWS\System32\KERNEL32.DLL
0x00007ffb1c9a0000 - 0x00007ffb1cc68000 	C:\WINDOWS\System32\KERNELBASE.dll
0x00007ffb1d2e0000 - 0x00007ffb1d38c000 	C:\WINDOWS\System32\ADVAPI32.dll
0x00007ffb1d240000 - 0x00007ffb1d2de000 	C:\WINDOWS\System32\msvcrt.dll
0x00007ffb1cff0000 - 0x00007ffb1d08b000 	C:\WINDOWS\System32\sechost.dll
0x00007ffb1d6a0000 - 0x00007ffb1d7c4000 	C:\WINDOWS\System32\RPCRT4.dll
0x00007ffb1e7b0000 - 0x00007ffb1e950000 	C:\WINDOWS\System32\USER32.dll
0x00007ffb1c870000 - 0x00007ffb1c892000 	C:\WINDOWS\System32\win32u.dll
0x00007ffb1e720000 - 0x00007ffb1e74a000 	C:\WINDOWS\System32\GDI32.dll
0x00007ffb1ce60000 - 0x00007ffb1cf69000 	C:\WINDOWS\System32\gdi32full.dll
0x00007ffb1c7d0000 - 0x00007ffb1c86d000 	C:\WINDOWS\System32\msvcp_win.dll
0x00007ffb1c6d0000 - 0x00007ffb1c7d0000 	C:\WINDOWS\System32\ucrtbase.dll
0x00007ffb08840000 - 0x00007ffb08adb000 	C:\WINDOWS\WinSxS\amd64_microsoft.windows.common-controls_6595b64144ccf1df_6.0.19041.488_none_ca04af081b815d21\COMCTL32.dll
0x00007ffb1d3f0000 - 0x00007ffb1d420000 	C:\WINDOWS\System32\IMM32.DLL
0x000000005c3f0000 - 0x000000005c4c2000 	C:\Program Files\Android\Android Studio\jre\jre\bin\msvcr100.dll
0x0000000059b10000 - 0x000000005a35b000 	C:\Program Files\Android\Android Studio\jre\jre\bin\server\jvm.dll
0x00007ffb1ef40000 - 0x00007ffb1ef48000 	C:\WINDOWS\System32\PSAPI.DLL
0x00007ffafd960000 - 0x00007ffafd969000 	C:\WINDOWS\SYSTEM32\WSOCK32.dll
0x00007ffb1e6b0000 - 0x00007ffb1e71b000 	C:\WINDOWS\System32\WS2_32.dll
0x00007ffb159d0000 - 0x00007ffb159da000 	C:\WINDOWS\SYSTEM32\VERSION.dll
0x00007ffb15940000 - 0x00007ffb15967000 	C:\WINDOWS\SYSTEM32\WINMM.dll
0x00007ffb17df0000 - 0x00007ffb17dff000 	C:\Program Files\Android\Android Studio\jre\jre\bin\verify.dll
0x00007ffb03d90000 - 0x00007ffb03db9000 	C:\Program Files\Android\Android Studio\jre\jre\bin\java.dll
0x00007ffb03c60000 - 0x00007ffb03c76000 	C:\Program Files\Android\Android Studio\jre\jre\bin\zip.dll
0x00007ffb1d850000 - 0x00007ffb1df91000 	C:\WINDOWS\System32\SHELL32.dll
0x00007ffb1a820000 - 0x00007ffb1afb5000 	C:\WINDOWS\SYSTEM32\windows.storage.dll
0x00007ffb1e950000 - 0x00007ffb1eca5000 	C:\WINDOWS\System32\combase.dll
0x00007ffb1c140000 - 0x00007ffb1c16c000 	C:\WINDOWS\SYSTEM32\Wldp.dll
0x00007ffb1ee90000 - 0x00007ffb1ef3e000 	C:\WINDOWS\System32\SHCORE.dll
0x00007ffb1e750000 - 0x00007ffb1e7a5000 	C:\WINDOWS\System32\shlwapi.dll
0x00007ffb1c600000 - 0x00007ffb1c626000 	C:\WINDOWS\SYSTEM32\profapi.dll
0x00007ffb03410000 - 0x00007ffb0342a000 	C:\Program Files\Android\Android Studio\jre\jre\bin\net.dll
0x00007ffb1bec0000 - 0x00007ffb1bf2a000 	C:\WINDOWS\system32\mswsock.dll
0x00007ffb04200000 - 0x00007ffb04213000 	C:\Program Files\Android\Android Studio\jre\jre\bin\nio.dll
0x00007ffb01ca0000 - 0x00007ffb01cc7000 	C:\Users\antoi\.gradle\native\f6784746aeab05261644944871eae4fe03e0ef1612fff0a4a95f87b438bc6780\windows-amd64\native-platform.dll
0x00007ffb17da0000 - 0x00007ffb17dad000 	C:\Program Files\Android\Android Studio\jre\jre\bin\management.dll
0x00007ffb1c090000 - 0x00007ffb1c0a8000 	C:\WINDOWS\SYSTEM32\CRYPTSP.dll
0x00007ffb1b7e0000 - 0x00007ffb1b814000 	C:\WINDOWS\system32\rsaenh.dll
0x00007ffb1cdd0000 - 0x00007ffb1cdf7000 	C:\WINDOWS\System32\bcrypt.dll
0x00007ffb1c580000 - 0x00007ffb1c5ae000 	C:\WINDOWS\SYSTEM32\USERENV.dll
0x00007ffb1cf70000 - 0x00007ffb1cfef000 	C:\WINDOWS\System32\bcryptprimitives.dll
0x00007ffb1c0b0000 - 0x00007ffb1c0bc000 	C:\WINDOWS\SYSTEM32\CRYPTBASE.dll
0x00007ffb1bb60000 - 0x00007ffb1bb9b000 	C:\WINDOWS\SYSTEM32\IPHLPAPI.DLL
0x00007ffb1d690000 - 0x00007ffb1d698000 	C:\WINDOWS\System32\NSI.dll
0x00007ffb19e70000 - 0x00007ffb19e87000 	C:\WINDOWS\SYSTEM32\dhcpcsvc6.DLL
0x00007ffb19e50000 - 0x00007ffb19e6d000 	C:\WINDOWS\SYSTEM32\dhcpcsvc.DLL
0x00007ffb1bbb0000 - 0x00007ffb1bc7b000 	C:\WINDOWS\SYSTEM32\DNSAPI.dll
0x00007ffb15b90000 - 0x00007ffb15b9b000 	C:\WINDOWS\SYSTEM32\WINNSI.DLL

VM Arguments:
jvm_args: -Xmx2048m -Dfile.encoding=UTF-8 -Duser.country=FR -Duser.language=fr -Duser.variant 
java_command: org.gradle.launcher.daemon.bootstrap.GradleDaemon 6.5
java_class_path (initial): C:\Users\antoi\.gradle\wrapper\dists\gradle-6.5-bin\6nifqtx7604sqp1q6g8wikw7p\gradle-6.5\lib\gradle-launcher-6.5.jar
Launcher Type: SUN_STANDARD

Environment Variables:
PATH=C:\Program Files\Common Files\Oracle\Java\javapath;C:\Program Files\Java\jdk-13.0.2\bin;C:\Program Files (x86)\Common Files\Oracle\Java\javapath;C:\Users\antoi\AppData\Local\Programs\Python\Python38-32\Lib\site-packages\pyfirmata;C:\windows\system32;C:\windows;C:\windows\System32\Wbem;C:\windows\System32\WindowsPowerShell\v1.0\;C:\windows\System32\OpenSSH\;C:\Program Files (x86)\NVIDIA Corporation\PhysX\Common;C:\Program Files\NVIDIA Corporation\NVIDIA NvDLISR;C:\Program Files (x86)\Smart Projects\IsoBuster;C:\users\antoi\appdata\local\programs\python\python38-32\lib\site-packages;C:\Users\antoi\AppData\Local\Packages\PythonSoftwareFoundation.Python.3.8_qbz5n2kfra8p0\LocalCache\local-packages\Python38\Scripts;C:\Program Files\Microsoft SQL Server\Client SDK\ODBC\110\Tools\Binn\;C:\Program Files (x86)\Microsoft SQL Server\120\Tools\Binn\;C:\Program Files\Microsoft SQL Server\120\Tools\Binn\;C:\Program Files\Microsoft SQL Server\120\DTS\Binn\;C:\Program Files (x86)\Windows Kits\8.1\Windows Performance Toolkit\;C:\Program Files\nodejs\;C:\Users\antoi\AppData\Loc;C:\Program Files (x86)\Minimal ADB and Fastboot;C:\WINDOWS\system32;C:\WINDOWS;C:\WINDOWS\System32\Wbem;C:\WINDOWS\System32\WindowsPowerShell\v1.0\;C:\WINDOWS\System32\OpenSSH\;C:\Coding\Javascript\botDiscord\node_modules\eslint;C:\Program Files\Java\jdk-15\bin;C:\Program Files\MiKTeX 2.9\miktex\bin\x64\;C:\Users\antoi\AppData\Local\Microsoft\WindowsApps;C:\Users\antoi\AppData\Local\atom\bin;C:\Users\antoi\AppData\Local\Programs\Python\Python38-32\Lib\site-packages\pyfirmata;C:\Users\antoi\AppData\Roaming\npm;C:\Users\antoi\AppData\Local\Microsoft\WindowsApps;C:\Coding\Javascript\botDiscord\node_modules\eslint;C:\Program Files\Java\jdk-15\bin;
USERNAME=antoi
OS=Windows_NT
PROCESSOR_IDENTIFIER=AMD64 Family 23 Model 24 Stepping 1, AuthenticAMD



---------------  S Y S T E M  ---------------

OS: Windows 10.0 , 64 bit Build 19041 (10.0.19041.546)

CPU:total 8 (initial active 8) (8 cores per cpu, 1 threads per core) family 23 model 24 stepping 1, cmov, cx8, fxsr, mmx, sse, sse2, sse3, ssse3, sse4.1, sse4.2, popcnt, avx, avx2, aes, clmul, mmxext, 3dnowpref, lzcnt, sse4a, tsc, tscinvbit, tscinv, bmi1

Memory: 4k page, physical 6165836k(272528k free), swap 25040204k(0k free)

vm_info: OpenJDK 64-Bit Server VM (25.242-b01) for windows-amd64 JRE (1.8.0_242-release-1644-b01), built by "builder" with MS VC++ 10.0 (VS2010)

time: Sat Nov 21 20:58:56 2020
timezone: Paris, Madrid
elapsed time: 43 seconds (0d 0h 0m 43s)

