#
# There is insufficient memory for the Java Runtime Environment to continue.
# Native memory allocation (malloc) failed to allocate 943728 bytes for Chunk::new
# Possible reasons:
#   The system is out of physical RAM or swap space
#   The process is running with CompressedOops enabled, and the Java Heap may be blocking the growth of the native heap
# Possible solutions:
#   Reduce memory load on the system
#   Increase physical memory or swap space
#   Check if swap backing store is full
#   Decrease Java heap size (-Xmx/-Xms)
#   Decrease number of Java threads
#   Decrease Java thread stack sizes (-Xss)
#   Set larger code cache with -XX:ReservedCodeCacheSize=
#   JVM is running with Unscaled Compressed Oops mode in which the Java heap is
#     placed in the first 4GB address space. The Java Heap base address is the
#     maximum limit for the native heap growth. Please use -XX:HeapBaseMinAddress
#     to set the Java Heap base and to place the Java Heap above 4GB virtual address.
# This output file may be truncated or incomplete.
#
#  Out of Memory Error (allocation.cpp:389), pid=22028, tid=0x00000000000015b8
#
# JRE version: OpenJDK Runtime Environment (8.0_242-b01) (build 1.8.0_242-release-1644-b01)
# Java VM: OpenJDK 64-Bit Server VM (25.242-b01 mixed mode windows-amd64 compressed oops)
# Failed to write core dump. Minidumps are not enabled by default on client versions of Windows
#

---------------  T H R E A D  ---------------

Current thread (0x000000001a087000):  JavaThread "C2 CompilerThread1" daemon [_thread_in_native, id=5560, stack(0x000000001aa80000,0x000000001ab80000)]

Stack: [0x000000001aa80000,0x000000001ab80000]
[error occurred during error reporting (printing stack bounds), id 0xc0000005]

Native frames: (J=compiled Java code, j=interpreted, Vv=VM code, C=native code)


Current CompileTask:
C2:  42717 1583   !   4       java.net.URLClassLoader$1::run (63 bytes)


---------------  P R O C E S S  ---------------

Java Threads: ( => current thread )
  0x000000001a3df000 JavaThread "Thread-9" [_thread_blocked, id=20012, stack(0x000000001dc00000,0x000000001dd00000)]
  0x000000001a3de000 JavaThread "Stdin handler" [_thread_blocked, id=12104, stack(0x000000001db00000,0x000000001dc00000)]
  0x000000001bdb6800 JavaThread "Asynchronous log dispatcher for DefaultDaemonConnection: socket connection from /127.0.0.1:61922 to /127.0.0.1:61959" [_thread_blocked, id=6020, stack(0x000000001da00000,0x000000001db00000)]
  0x000000001c019800 JavaThread "Daemon worker" [_thread_in_Java, id=15868, stack(0x000000001d900000,0x000000001da00000)]
  0x000000001b72e000 JavaThread "Cancel handler" [_thread_blocked, id=15152, stack(0x000000001d700000,0x000000001d800000)]
  0x000000001b523000 JavaThread "Handler for socket connection from /127.0.0.1:61922 to /127.0.0.1:61959" [_thread_in_native, id=19428, stack(0x000000001d600000,0x000000001d700000)]
  0x000000001b520800 JavaThread "Daemon" [_thread_blocked, id=2340, stack(0x000000001d500000,0x000000001d600000)]
  0x000000001bf7a800 JavaThread "Daemon periodic checks" [_thread_blocked, id=3840, stack(0x000000001d200000,0x000000001d300000)]
  0x000000001b596000 JavaThread "Incoming local TCP Connector on port 61922" [_thread_in_native, id=12528, stack(0x000000001cf90000,0x000000001d090000)]
  0x000000001a3c9800 JavaThread "Daemon health stats" [_thread_blocked, id=3080, stack(0x000000001c950000,0x000000001ca50000)]
  0x000000001a0df000 JavaThread "Service Thread" daemon [_thread_blocked, id=18716, stack(0x000000001ad80000,0x000000001ae80000)]
  0x000000001a08e800 JavaThread "C1 CompilerThread3" daemon [_thread_blocked, id=12732, stack(0x000000001ac80000,0x000000001ad80000)]
  0x000000001a088000 JavaThread "C2 CompilerThread2" daemon [_thread_blocked, id=19660, stack(0x000000001ab80000,0x000000001ac80000)]
=>0x000000001a087000 JavaThread "C2 CompilerThread1" daemon [_thread_in_native, id=5560, stack(0x000000001aa80000,0x000000001ab80000)]
  0x000000001a082800 JavaThread "C2 CompilerThread0" daemon [_thread_in_native, id=2112, stack(0x000000001a980000,0x000000001aa80000)]
  0x000000001a081000 JavaThread "Attach Listener" daemon [_thread_blocked, id=21684, stack(0x000000001a880000,0x000000001a980000)]
  0x000000001a080000 JavaThread "Signal Dispatcher" daemon [_thread_blocked, id=14976, stack(0x000000001a780000,0x000000001a880000)]
  0x000000001a070800 JavaThread "Finalizer" daemon [_thread_blocked, id=11412, stack(0x000000001a550000,0x000000001a650000)]
  0x00000000031f7000 JavaThread "Reference Handler" daemon [_thread_blocked, id=18312, stack(0x000000001a450000,0x000000001a550000)]
  0x0000000003102800 JavaThread "main" [_thread_blocked, id=18940, stack(0x0000000002fa0000,0x00000000030a0000)]

Other Threads:
  0x0000000018266800 VMThread [stack: 0x0000000019f50000,0x000000001a050000] [id=9432]
  0x000000001a0e0000 WatcherThread [stack: 0x000000001ae80000,0x000000001af80000] [id=1800]

VM state:not at safepoint (normal execution)

VM Mutex/Monitor currently owned by a thread: None

heap address: 0x0000000080000000, size: 2048 MB, Compressed Oops mode: 32-bit
Narrow klass base: 0x0000000000000000, Narrow klass shift: 3
Compressed class space size: 1073741824 Address: 0x0000000100000000

Heap:
 PSYoungGen      total 52736K, used 11331K [0x00000000d5580000, 0x00000000d8d80000, 0x0000000100000000)
  eden space 48640K, 14% used [0x00000000d5580000,0x00000000d5c94c08,0x00000000d8500000)
  from space 4096K, 99% used [0x00000000d8980000,0x00000000d8d7c030,0x00000000d8d80000)
  to   space 4096K, 0% used [0x00000000d8500000,0x00000000d8500000,0x00000000d8900000)
 ParOldGen       total 65536K, used 3849K [0x0000000080000000, 0x0000000084000000, 0x00000000d5580000)
  object space 65536K, 5% used [0x0000000080000000,0x00000000803c2400,0x0000000084000000)
 Metaspace       used 14415K, capacity 14942K, committed 15232K, reserved 1062912K
  class space    used 1978K, capacity 2135K, committed 2176K, reserved 1048576K

Card table byte_map: [0x00000000125c0000,0x00000000129d0000] byte_map_base: 0x00000000121c0000

Marking Bits: (ParMarkBitMap*) 0x000000005a2df030
 Begin Bits: [0x0000000013480000, 0x0000000015480000)
 End Bits:   [0x0000000015480000, 0x0000000017480000)

Polling page: 0x0000000001750000

CodeCache: size=245760Kb used=5063Kb max_used=5187Kb free=240696Kb
 bounds [0x0000000003200000, 0x0000000003720000, 0x0000000012200000]
 total_blobs=1857 nmethods=1474 adapters=297
 compilation: enabled

Compilation events (10 events):
Event: 42.579 Thread 0x000000001a08e800 nmethod 1600 0x000000000358f050 code [0x000000000358f1c0, 0x000000000358f3b0]
Event: 42.579 Thread 0x000000001a08e800 1605       3       java.util.regex.Pattern$GroupTail::match (111 bytes)
Event: 42.579 Thread 0x000000001a08e800 nmethod 1605 0x000000000342fa90 code [0x000000000342fc20, 0x000000000342ffe8]
Event: 42.579 Thread 0x000000001a08e800 1603       1       java.lang.Character::charValue (5 bytes)
Event: 42.579 Thread 0x000000001a08e800 nmethod 1603 0x000000000358ca10 code [0x000000000358cb60, 0x000000000358cc70]
Event: 42.580 Thread 0x000000001a08e800 1606       3       org.gradle.util.GradleVersion::compareTo (9 bytes)
Event: 42.581 Thread 0x000000001a08e800 nmethod 1606 0x000000000342f550 code [0x000000000342f6c0, 0x000000000342f948]
Event: 42.598 Thread 0x000000001a088000 nmethod 1604 0x000000000349c7d0 code [0x000000000349c960, 0x000000000349d098]
Event: 42.606 Thread 0x000000001a08e800 1607       3       java.lang.String::subSequence (7 bytes)
Event: 42.606 Thread 0x000000001a08e800 nmethod 1607 0x000000000348b0d0 code [0x000000000348b240, 0x000000000348b448]

GC Heap History (8 events):
Event: 6.798 GC heap before
{Heap before GC invocations=1 (full 0):
 PSYoungGen      total 28672K, used 24576K [0x00000000d5580000, 0x00000000d7580000, 0x0000000100000000)
  eden space 24576K, 100% used [0x00000000d5580000,0x00000000d6d80000,0x00000000d6d80000)
  from space 4096K, 0% used [0x00000000d7180000,0x00000000d7180000,0x00000000d7580000)
  to   space 4096K, 0% used [0x00000000d6d80000,0x00000000d6d80000,0x00000000d7180000)
 ParOldGen       total 65536K, used 0K [0x0000000080000000, 0x0000000084000000, 0x00000000d5580000)
  object space 65536K, 0% used [0x0000000080000000,0x0000000080000000,0x0000000084000000)
 Metaspace       used 6934K, capacity 7236K, committed 7424K, reserved 1056768K
  class space    used 853K, capacity 944K, committed 1024K, reserved 1048576K
Event: 6.887 GC heap after
Heap after GC invocations=1 (full 0):
 PSYoungGen      total 28672K, used 3412K [0x00000000d5580000, 0x00000000d8d80000, 0x0000000100000000)
  eden space 24576K, 0% used [0x00000000d5580000,0x00000000d5580000,0x00000000d6d80000)
  from space 4096K, 83% used [0x00000000d6d80000,0x00000000d70d53b8,0x00000000d7180000)
  to   space 4096K, 0% used [0x00000000d8980000,0x00000000d8980000,0x00000000d8d80000)
 ParOldGen       total 65536K, used 8K [0x0000000080000000, 0x0000000084000000, 0x00000000d5580000)
  object space 65536K, 0% used [0x0000000080000000,0x0000000080002000,0x0000000084000000)
 Metaspace       used 6934K, capacity 7236K, committed 7424K, reserved 1056768K
  class space    used 853K, capacity 944K, committed 1024K, reserved 1048576K
}
Event: 9.954 GC heap before
{Heap before GC invocations=2 (full 0):
 PSYoungGen      total 28672K, used 27988K [0x00000000d5580000, 0x00000000d8d80000, 0x0000000100000000)
  eden space 24576K, 100% used [0x00000000d5580000,0x00000000d6d80000,0x00000000d6d80000)
  from space 4096K, 83% used [0x00000000d6d80000,0x00000000d70d53b8,0x00000000d7180000)
  to   space 4096K, 0% used [0x00000000d8980000,0x00000000d8980000,0x00000000d8d80000)
 ParOldGen       total 65536K, used 8K [0x0000000080000000, 0x0000000084000000, 0x00000000d5580000)
  object space 65536K, 0% used [0x0000000080000000,0x0000000080002000,0x0000000084000000)
 Metaspace       used 7612K, capacity 7914K, committed 8064K, reserved 1056768K
  class space    used 931K, capacity 1041K, committed 1152K, reserved 1048576K
Event: 9.974 GC heap after
Heap after GC invocations=2 (full 0):
 PSYoungGen      total 28160K, used 3143K [0x00000000d5580000, 0x00000000d8d00000, 0x0000000100000000)
  eden space 24576K, 0% used [0x00000000d5580000,0x00000000d5580000,0x00000000d6d80000)
  from space 3584K, 87% used [0x00000000d8980000,0x00000000d8c91d00,0x00000000d8d00000)
  to   space 4096K, 0% used [0x00000000d8500000,0x00000000d8500000,0x00000000d8900000)
 ParOldGen       total 65536K, used 16K [0x0000000080000000, 0x0000000084000000, 0x00000000d5580000)
  object space 65536K, 0% used [0x0000000080000000,0x0000000080004000,0x0000000084000000)
 Metaspace       used 7612K, capacity 7914K, committed 8064K, reserved 1056768K
  class space    used 931K, capacity 1041K, committed 1152K, reserved 1048576K
}
Event: 12.305 GC heap before
{Heap before GC invocations=3 (full 0):
 PSYoungGen      total 28160K, used 27719K [0x00000000d5580000, 0x00000000d8d00000, 0x0000000100000000)
  eden space 24576K, 100% used [0x00000000d5580000,0x00000000d6d80000,0x00000000d6d80000)
  from space 3584K, 87% used [0x00000000d8980000,0x00000000d8c91d00,0x00000000d8d00000)
  to   space 4096K, 0% used [0x00000000d8500000,0x00000000d8500000,0x00000000d8900000)
 ParOldGen       total 65536K, used 16K [0x0000000080000000, 0x0000000084000000, 0x00000000d5580000)
  object space 65536K, 0% used [0x0000000080000000,0x0000000080004000,0x0000000084000000)
 Metaspace       used 8018K, capacity 8386K, committed 8576K, reserved 1056768K
  class space    used 1011K, capacity 1113K, committed 1152K, reserved 1048576K
Event: 12.338 GC heap after
Heap after GC invocations=3 (full 0):
 PSYoungGen      total 52736K, used 3742K [0x00000000d5580000, 0x00000000d8d80000, 0x0000000100000000)
  eden space 48640K, 0% used [0x00000000d5580000,0x00000000d5580000,0x00000000d8500000)
  from space 4096K, 91% used [0x00000000d8500000,0x00000000d88a7810,0x00000000d8900000)
  to   space 4096K, 0% used [0x00000000d8980000,0x00000000d8980000,0x00000000d8d80000)
 ParOldGen       total 65536K, used 24K [0x0000000080000000, 0x0000000084000000, 0x00000000d5580000)
  object space 65536K, 0% used [0x0000000080000000,0x0000000080006000,0x0000000084000000)
 Metaspace       used 8018K, capacity 8386K, committed 8576K, reserved 1056768K
  class space    used 1011K, capacity 1113K, committed 1152K, reserved 1048576K
}
Event: 38.813 GC heap before
{Heap before GC invocations=4 (full 0):
 PSYoungGen      total 52736K, used 52382K [0x00000000d5580000, 0x00000000d8d80000, 0x0000000100000000)
  eden space 48640K, 100% used [0x00000000d5580000,0x00000000d8500000,0x00000000d8500000)
  from space 4096K, 91% used [0x00000000d8500000,0x00000000d88a7810,0x00000000d8900000)
  to   space 4096K, 0% used [0x00000000d8980000,0x00000000d8980000,0x00000000d8d80000)
 ParOldGen       total 65536K, used 24K [0x0000000080000000, 0x0000000084000000, 0x00000000d5580000)
  object space 65536K, 0% used [0x0000000080000000,0x0000000080006000,0x0000000084000000)
 Metaspace       used 13639K, capacity 14140K, committed 14336K, reserved 1060864K
  class space    used 1864K, capacity 1996K, committed 2048K, reserved 1048576K
Event: 38.995 GC heap after
Heap after GC invocations=4 (full 0):
 PSYoungGen      total 52736K, used 4080K [0x00000000d5580000, 0x00000000d8d80000, 0x0000000100000000)
  eden space 48640K, 0% used [0x00000000d5580000,0x00000000d5580000,0x00000000d8500000)
  from space 4096K, 99% used [0x00000000d8980000,0x00000000d8d7c030,0x00000000d8d80000)
  to   space 4096K, 0% used [0x00000000d8500000,0x00000000d8500000,0x00000000d8900000)
 ParOldGen       total 65536K, used 3849K [0x0000000080000000, 0x0000000084000000, 0x00000000d5580000)
  object space 65536K, 5% used [0x0000000080000000,0x00000000803c2400,0x0000000084000000)
 Metaspace       used 13639K, capacity 14140K, committed 14336K, reserved 1060864K
  class space    used 1864K, capacity 1996K, committed 2048K, reserved 1048576K
}

Deoptimization events (10 events):
Event: 36.010 Thread 0x000000001b523000 Uncommon trap: reason=unstable_if action=reinterpret pc=0x0000000003629dd0 method=java.util.concurrent.ConcurrentHashMap.putVal(Ljava/lang/Object;Ljava/lang/Object;Z)Ljava/lang/Object; @ 206
Event: 36.255 Thread 0x000000001b523000 Uncommon trap: reason=unstable_if action=reinterpret pc=0x0000000003553a70 method=java.lang.String.substring(I)Ljava/lang/String; @ 35
Event: 36.809 Thread 0x000000001c019800 Uncommon trap: reason=bimorphic action=maybe_recompile pc=0x00000000034d82f0 method=java.util.HashMap.putVal(ILjava/lang/Object;Ljava/lang/Object;ZZ)Ljava/lang/Object; @ 253
Event: 36.809 Thread 0x000000001c019800 Uncommon trap: reason=bimorphic action=maybe_recompile pc=0x00000000034d82f0 method=java.util.HashMap.putVal(ILjava/lang/Object;Ljava/lang/Object;ZZ)Ljava/lang/Object; @ 253
Event: 36.812 Thread 0x000000001c019800 Uncommon trap: reason=bimorphic action=maybe_recompile pc=0x00000000034d82f0 method=java.util.HashMap.putVal(ILjava/lang/Object;Ljava/lang/Object;ZZ)Ljava/lang/Object; @ 253
Event: 36.812 Thread 0x000000001c019800 Uncommon trap: reason=bimorphic action=maybe_recompile pc=0x00000000034d82f0 method=java.util.HashMap.putVal(ILjava/lang/Object;Ljava/lang/Object;ZZ)Ljava/lang/Object; @ 253
Event: 41.416 Thread 0x000000001c019800 Uncommon trap: reason=class_check action=maybe_recompile pc=0x000000000355a11c method=java.util.regex.Matcher.match(II)Z @ 86
Event: 41.920 Thread 0x000000001c019800 Uncommon trap: reason=class_check action=maybe_recompile pc=0x000000000355a11c method=java.util.regex.Matcher.match(II)Z @ 86
Event: 41.921 Thread 0x000000001c019800 Uncommon trap: reason=class_check action=maybe_recompile pc=0x000000000355a11c method=java.util.regex.Matcher.match(II)Z @ 86
Event: 41.921 Thread 0x000000001c019800 Uncommon trap: reason=class_check action=maybe_recompile pc=0x00000000033cac5c method=java.util.regex.Matcher.match(II)Z @ 86

Classes redefined (0 events):
No events

Internal exceptions (10 events):
Event: 36.036 Thread 0x000000001b523000 Exception <a 'java/lang/NoSuchMethodError': <clinit>> (0x00000000d6de1468) thrown at [C:\src\AOSP-openjdk-git\hotspot\src\share\vm\prims\jni.cpp, line 1615]
Event: 36.090 Thread 0x000000001b523000 Exception <a 'java/lang/NoSuchMethodError': <clinit>> (0x00000000d6df3d70) thrown at [C:\src\AOSP-openjdk-git\hotspot\src\share\vm\prims\jni.cpp, line 1615]
Event: 36.166 Thread 0x000000001b523000 Exception <a 'java/lang/NoSuchMethodError': <clinit>> (0x00000000d6e1ae38) thrown at [C:\src\AOSP-openjdk-git\hotspot\src\share\vm\prims\jni.cpp, line 1615]
Event: 36.174 Thread 0x000000001b523000 Exception <a 'java/lang/NoSuchMethodError': <clinit>> (0x00000000d6e32958) thrown at [C:\src\AOSP-openjdk-git\hotspot\src\share\vm\prims\jni.cpp, line 1615]
Event: 36.176 Thread 0x000000001b523000 Exception <a 'java/lang/NoSuchMethodError': <clinit>> (0x00000000d6e3b4f8) thrown at [C:\src\AOSP-openjdk-git\hotspot\src\share\vm\prims\jni.cpp, line 1615]
Event: 36.184 Thread 0x000000001b523000 Exception <a 'java/lang/NoSuchMethodError': <clinit>> (0x00000000d6e51808) thrown at [C:\src\AOSP-openjdk-git\hotspot\src\share\vm\prims\jni.cpp, line 1615]
Event: 36.290 Thread 0x000000001b523000 Exception <a 'java/lang/NoSuchMethodError': <clinit>> (0x00000000d6ecbbd8) thrown at [C:\src\AOSP-openjdk-git\hotspot\src\share\vm\prims\jni.cpp, line 1615]
Event: 36.317 Thread 0x000000001b523000 Exception <a 'java/lang/NoSuchMethodError': <clinit>> (0x00000000d6efb268) thrown at [C:\src\AOSP-openjdk-git\hotspot\src\share\vm\prims\jni.cpp, line 1615]
Event: 36.357 Thread 0x000000001b523000 Exception <a 'java/lang/NoSuchMethodError': <clinit>> (0x00000000d6f29868) thrown at [C:\src\AOSP-openjdk-git\hotspot\src\share\vm\prims\jni.cpp, line 1615]
Event: 36.359 Thread 0x000000001b523000 Exception <a 'java/lang/NoSuchMethodError': <clinit>> (0x00000000d6f35ce0) thrown at [C:\src\AOSP-openjdk-git\hotspot\src\share\vm\prims\jni.cpp, line 1615]

Events (10 events):
Event: 42.536 loading class org/gradle/internal/service/ServiceRegistry
Event: 42.537 loading class org/gradle/internal/service/ServiceRegistry done
Event: 42.537 loading class org/gradle/api/internal/artifacts/ivyservice/DefaultArtifactCaches$WritableArtifactCacheLockingParameters
Event: 42.537 loading class org/gradle/api/internal/artifacts/ivyservice/DefaultArtifactCaches$WritableArtifactCacheLockingParameters done
Event: 42.537 loading class org/gradle/internal/service/ServiceRegistry
Event: 42.537 loading class org/gradle/internal/service/ServiceRegistry done
Event: 42.538 loading class org/gradle/api/internal/artifacts/ivyservice/DefaultArtifactCacheMetadata
Event: 42.538 loading class org/gradle/api/internal/artifacts/ivyservice/DefaultArtifactCacheMetadata done
Event: 42.541 loading class org/gradle/api/internal/artifacts/ivyservice/CacheLayout
Event: 42.541 loading class org/gradle/api/internal/artifacts/ivyservice/CacheLayout done


Dynamic libraries:
0x00007ff626540000 - 0x00007ff626571000 	C:\Program Files\Android\Android Studio\jre\bin\java.exe
0x00007ffb1ef90000 - 0x00007ffb1f186000 	C:\WINDOWS\SYSTEM32\ntdll.dll
0x00007ffb1edd0000 - 0x00007ffb1ee8d000 	C:\WINDOWS\System32\KERNEL32.DLL
0x00007ffb1c9a0000 - 0x00007ffb1cc68000 	C:\WINDOWS\System32\KERNELBASE.dll
0x00007ffb1d2e0000 - 0x00007ffb1d38c000 	C:\WINDOWS\System32\ADVAPI32.dll
0x00007ffb1d240000 - 0x00007ffb1d2de000 	C:\WINDOWS\System32\msvcrt.dll
0x00007ffb1cff0000 - 0x00007ffb1d08b000 	C:\WINDOWS\System32\sechost.dll
0x00007ffb1d6a0000 - 0x00007ffb1d7c4000 	C:\WINDOWS\System32\RPCRT4.dll
0x00007ffb1e7b0000 - 0x00007ffb1e950000 	C:\WINDOWS\System32\USER32.dll
0x00007ffb1c870000 - 0x00007ffb1c892000 	C:\WINDOWS\System32\win32u.dll
0x00007ffb1e720000 - 0x00007ffb1e74a000 	C:\WINDOWS\System32\GDI32.dll
0x00007ffb1ce60000 - 0x00007ffb1cf69000 	C:\WINDOWS\System32\gdi32full.dll
0x00007ffb1c7d0000 - 0x00007ffb1c86d000 	C:\WINDOWS\System32\msvcp_win.dll
0x00007ffb1c6d0000 - 0x00007ffb1c7d0000 	C:\WINDOWS\System32\ucrtbase.dll
0x00007ffb08840000 - 0x00007ffb08adb000 	C:\WINDOWS\WinSxS\amd64_microsoft.windows.common-controls_6595b64144ccf1df_6.0.19041.488_none_ca04af081b815d21\COMCTL32.dll
0x00007ffb1d3f0000 - 0x00007ffb1d420000 	C:\WINDOWS\System32\IMM32.DLL
0x000000005c3f0000 - 0x000000005c4c2000 	C:\Program Files\Android\Android Studio\jre\jre\bin\msvcr100.dll
0x0000000059b10000 - 0x000000005a35b000 	C:\Program Files\Android\Android Studio\jre\jre\bin\server\jvm.dll
0x00007ffb1ef40000 - 0x00007ffb1ef48000 	C:\WINDOWS\System32\PSAPI.DLL
0x00007ffb159d0000 - 0x00007ffb159da000 	C:\WINDOWS\SYSTEM32\VERSION.dll
0x00007ffafd960000 - 0x00007ffafd969000 	C:\WINDOWS\SYSTEM32\WSOCK32.dll
0x00007ffb1e6b0000 - 0x00007ffb1e71b000 	C:\WINDOWS\System32\WS2_32.dll
0x00007ffb15940000 - 0x00007ffb15967000 	C:\WINDOWS\SYSTEM32\WINMM.dll
0x00007ffb17df0000 - 0x00007ffb17dff000 	C:\Program Files\Android\Android Studio\jre\jre\bin\verify.dll
0x00007ffb03d90000 - 0x00007ffb03db9000 	C:\Program Files\Android\Android Studio\jre\jre\bin\java.dll
0x00007ffb03c60000 - 0x00007ffb03c76000 	C:\Program Files\Android\Android Studio\jre\jre\bin\zip.dll
0x00007ffb1d850000 - 0x00007ffb1df91000 	C:\WINDOWS\System32\SHELL32.dll
0x00007ffb1a820000 - 0x00007ffb1afb5000 	C:\WINDOWS\SYSTEM32\windows.storage.dll
0x00007ffb1e950000 - 0x00007ffb1eca5000 	C:\WINDOWS\System32\combase.dll
0x00007ffb1c140000 - 0x00007ffb1c16c000 	C:\WINDOWS\SYSTEM32\Wldp.dll
0x00007ffb1ee90000 - 0x00007ffb1ef3e000 	C:\WINDOWS\System32\SHCORE.dll
0x00007ffb1e750000 - 0x00007ffb1e7a5000 	C:\WINDOWS\System32\shlwapi.dll
0x00007ffb1c600000 - 0x00007ffb1c626000 	C:\WINDOWS\SYSTEM32\profapi.dll
0x00007ffb03410000 - 0x00007ffb0342a000 	C:\Program Files\Android\Android Studio\jre\jre\bin\net.dll
0x00007ffb1bec0000 - 0x00007ffb1bf2a000 	C:\WINDOWS\system32\mswsock.dll
0x00007ffb04200000 - 0x00007ffb04213000 	C:\Program Files\Android\Android Studio\jre\jre\bin\nio.dll
0x00007ffb01ca0000 - 0x00007ffb01cc7000 	C:\Users\antoi\.gradle\native\f6784746aeab05261644944871eae4fe03e0ef1612fff0a4a95f87b438bc6780\windows-amd64\native-platform.dll
0x00007ffb17da0000 - 0x00007ffb17dad000 	C:\Program Files\Android\Android Studio\jre\jre\bin\management.dll
0x00007ffb1c090000 - 0x00007ffb1c0a8000 	C:\WINDOWS\SYSTEM32\CRYPTSP.dll
0x00007ffb1b7e0000 - 0x00007ffb1b814000 	C:\WINDOWS\system32\rsaenh.dll
0x00007ffb1cdd0000 - 0x00007ffb1cdf7000 	C:\WINDOWS\System32\bcrypt.dll
0x00007ffb1c580000 - 0x00007ffb1c5ae000 	C:\WINDOWS\SYSTEM32\USERENV.dll
0x00007ffb1cf70000 - 0x00007ffb1cfef000 	C:\WINDOWS\System32\bcryptprimitives.dll
0x00007ffb1c0b0000 - 0x00007ffb1c0bc000 	C:\WINDOWS\SYSTEM32\CRYPTBASE.dll
0x00007ffb1bb60000 - 0x00007ffb1bb9b000 	C:\WINDOWS\SYSTEM32\IPHLPAPI.DLL
0x00007ffb1d690000 - 0x00007ffb1d698000 	C:\WINDOWS\System32\NSI.dll
0x00007ffb19e70000 - 0x00007ffb19e87000 	C:\WINDOWS\SYSTEM32\dhcpcsvc6.DLL
0x00007ffb19e50000 - 0x00007ffb19e6d000 	C:\WINDOWS\SYSTEM32\dhcpcsvc.DLL
0x00007ffb1bbb0000 - 0x00007ffb1bc7b000 	C:\WINDOWS\SYSTEM32\DNSAPI.dll
0x00007ffb15b90000 - 0x00007ffb15b9b000 	C:\WINDOWS\SYSTEM32\WINNSI.DLL

VM Arguments:
jvm_args: -Xmx2048m -Dfile.encoding=UTF-8 -Duser.country=FR -Duser.language=fr -Duser.variant 
java_command: org.gradle.launcher.daemon.bootstrap.GradleDaemon 6.5
java_class_path (initial): C:\Users\antoi\.gradle\wrapper\dists\gradle-6.5-bin\6nifqtx7604sqp1q6g8wikw7p\gradle-6.5\lib\gradle-launcher-6.5.jar
Launcher Type: SUN_STANDARD

Environment Variables:
PATH=C:\Program Files\Common Files\Oracle\Java\javapath;C:\Program Files\Java\jdk-13.0.2\bin;C:\Program Files (x86)\Common Files\Oracle\Java\javapath;C:\Users\antoi\AppData\Local\Programs\Python\Python38-32\Lib\site-packages\pyfirmata;C:\windows\system32;C:\windows;C:\windows\System32\Wbem;C:\windows\System32\WindowsPowerShell\v1.0\;C:\windows\System32\OpenSSH\;C:\Program Files (x86)\NVIDIA Corporation\PhysX\Common;C:\Program Files\NVIDIA Corporation\NVIDIA NvDLISR;C:\Program Files (x86)\Smart Projects\IsoBuster;C:\users\antoi\appdata\local\programs\python\python38-32\lib\site-packages;C:\Users\antoi\AppData\Local\Packages\PythonSoftwareFoundation.Python.3.8_qbz5n2kfra8p0\LocalCache\local-packages\Python38\Scripts;C:\Program Files\Microsoft SQL Server\Client SDK\ODBC\110\Tools\Binn\;C:\Program Files (x86)\Microsoft SQL Server\120\Tools\Binn\;C:\Program Files\Microsoft SQL Server\120\Tools\Binn\;C:\Program Files\Microsoft SQL Server\120\DTS\Binn\;C:\Program Files (x86)\Windows Kits\8.1\Windows Performance Toolkit\;C:\Program Files\nodejs\;C:\Users\antoi\AppData\Loc;C:\Program Files (x86)\Minimal ADB and Fastboot;C:\WINDOWS\system32;C:\WINDOWS;C:\WINDOWS\System32\Wbem;C:\WINDOWS\System32\WindowsPowerShell\v1.0\;C:\WINDOWS\System32\OpenSSH\;C:\Coding\Javascript\botDiscord\node_modules\eslint;C:\Program Files\Java\jdk-15\bin;C:\Program Files\MiKTeX 2.9\miktex\bin\x64\;C:\Users\antoi\AppData\Local\Microsoft\WindowsApps;C:\Users\antoi\AppData\Local\atom\bin;C:\Users\antoi\AppData\Local\Programs\Python\Python38-32\Lib\site-packages\pyfirmata;C:\Users\antoi\AppData\Roaming\npm;C:\Users\antoi\AppData\Local\Microsoft\WindowsApps;C:\Coding\Javascript\botDiscord\node_modules\eslint;C:\Program Files\Java\jdk-15\bin;
USERNAME=antoi
OS=Windows_NT
PROCESSOR_IDENTIFIER=AMD64 Family 23 Model 24 Stepping 1, AuthenticAMD



---------------  S Y S T E M  ---------------

OS: Windows 10.0 , 64 bit Build 19041 (10.0.19041.546)

CPU:total 8 (initial active 8) (8 cores per cpu, 1 threads per core) family 23 model 24 stepping 1, cmov, cx8, fxsr, mmx, sse, sse2, sse3, ssse3, sse4.1, sse4.2, popcnt, avx, avx2, aes, clmul, mmxext, 3dnowpref, lzcnt, sse4a, tsc, tscinvbit, tscinv, bmi1

Memory: 4k page, physical 6165836k(98248k free), swap 25040204k(5388k free)

vm_info: OpenJDK 64-Bit Server VM (25.242-b01) for windows-amd64 JRE (1.8.0_242-release-1644-b01), built by "builder" with MS VC++ 10.0 (VS2010)

time: Sat Nov 21 20:58:55 2020
timezone: Paris, Madrid
elapsed time: 42 seconds (0d 0h 0m 42s)

