#
# There is insufficient memory for the Java Runtime Environment to continue.
# Native memory allocation (malloc) failed to allocate 1269216 bytes for Chunk::new
# Possible reasons:
#   The system is out of physical RAM or swap space
#   The process is running with CompressedOops enabled, and the Java Heap may be blocking the growth of the native heap
# Possible solutions:
#   Reduce memory load on the system
#   Increase physical memory or swap space
#   Check if swap backing store is full
#   Decrease Java heap size (-Xmx/-Xms)
#   Decrease number of Java threads
#   Decrease Java thread stack sizes (-Xss)
#   Set larger code cache with -XX:ReservedCodeCacheSize=
#   JVM is running with Unscaled Compressed Oops mode in which the Java heap is
#     placed in the first 4GB address space. The Java Heap base address is the
#     maximum limit for the native heap growth. Please use -XX:HeapBaseMinAddress
#     to set the Java Heap base and to place the Java Heap above 4GB virtual address.
# This output file may be truncated or incomplete.
#
#  Out of Memory Error (allocation.cpp:389), pid=8732, tid=0x0000000000000ed0
#
# JRE version: OpenJDK Runtime Environment (8.0_242-b01) (build 1.8.0_242-release-1644-b01)
# Java VM: OpenJDK 64-Bit Server VM (25.242-b01 mixed mode windows-amd64 compressed oops)
# Failed to write core dump. Minidumps are not enabled by default on client versions of Windows
#

---------------  T H R E A D  ---------------

Current thread (0x0000000019e84000):  JavaThread "C2 CompilerThread1" daemon [_thread_in_native, id=3792, stack(0x000000001a830000,0x000000001a930000)]

Stack: [0x000000001a830000,0x000000001a930000]
[error occurred during error reporting (printing stack bounds), id 0xc0000005]

Native frames: (J=compiled Java code, j=interpreted, Vv=VM code, C=native code)


Current CompileTask:
C2: 124696 4669   !   4       java.security.SecureClassLoader::getProtectionDomain (114 bytes)


---------------  P R O C E S S  ---------------

Java Threads: ( => current thread )
  0x0000000022b5f800 JavaThread "jar transforms Thread 121" [_thread_blocked, id=5248, stack(0x000000002b2f0000,0x000000002b3f0000)]
  0x0000000022b64800 JavaThread "jar transforms Thread 120" [_thread_blocked, id=12276, stack(0x000000002b1f0000,0x000000002b2f0000)]
  0x0000000022b60000 JavaThread "jar transforms Thread 119" [_thread_blocked, id=19012, stack(0x000000002b0f0000,0x000000002b1f0000)]
  0x000000001e0f5000 JavaThread "jar transforms Thread 118" [_thread_blocked, id=18304, stack(0x000000002aff0000,0x000000002b0f0000)]
  0x000000001e0fb000 JavaThread "jar transforms Thread 117" [_thread_blocked, id=19020, stack(0x000000002aef0000,0x000000002aff0000)]
  0x000000001e0f7800 JavaThread "jar transforms Thread 116" [_thread_blocked, id=16812, stack(0x000000002adf0000,0x000000002aef0000)]
  0x000000001e0fc000 JavaThread "jar transforms Thread 115" [_thread_blocked, id=3824, stack(0x000000002acf0000,0x000000002adf0000)]
  0x000000001e0f6000 JavaThread "jar transforms Thread 114" [_thread_blocked, id=13584, stack(0x000000002abf0000,0x000000002acf0000)]
  0x000000001e0fa800 JavaThread "jar transforms Thread 113" [_thread_blocked, id=11716, stack(0x000000002aaf0000,0x000000002abf0000)]
  0x000000001e0f3000 JavaThread "jar transforms Thread 112" [_thread_blocked, id=6388, stack(0x000000002a9f0000,0x000000002aaf0000)]
  0x000000001e0f9800 JavaThread "jar transforms Thread 111" [_thread_blocked, id=19028, stack(0x000000002a8f0000,0x000000002a9f0000)]
  0x000000001e0f9000 JavaThread "jar transforms Thread 110" [_thread_blocked, id=16412, stack(0x000000002a7f0000,0x000000002a8f0000)]
  0x000000001e0f4800 JavaThread "jar transforms Thread 109" [_thread_blocked, id=6564, stack(0x000000002a6f0000,0x000000002a7f0000)]
  0x000000001e0f6800 JavaThread "jar transforms Thread 108" [_thread_blocked, id=13420, stack(0x000000002a5f0000,0x000000002a6f0000)]
  0x000000001e0f8000 JavaThread "jar transforms Thread 107" [_thread_blocked, id=18992, stack(0x000000002a4f0000,0x000000002a5f0000)]
  0x000000001e0ef000 JavaThread "jar transforms Thread 106" [_thread_blocked, id=13996, stack(0x000000002a3f0000,0x000000002a4f0000)]
  0x000000001e0f2000 JavaThread "jar transforms Thread 105" [_thread_blocked, id=1848, stack(0x000000002a2f0000,0x000000002a3f0000)]
  0x000000001e0f1800 JavaThread "jar transforms Thread 104" [_thread_blocked, id=15904, stack(0x000000002a1f0000,0x000000002a2f0000)]
  0x000000001e0ed000 JavaThread "jar transforms Thread 103" [_thread_blocked, id=20288, stack(0x000000002a0f0000,0x000000002a1f0000)]
  0x000000001e0ee800 JavaThread "jar transforms Thread 102" [_thread_blocked, id=4324, stack(0x0000000029ef0000,0x0000000029ff0000)]
  0x000000001e0f0000 JavaThread "jar transforms Thread 101" [_thread_blocked, id=20340, stack(0x0000000029df0000,0x0000000029ef0000)]
  0x000000001e0f3800 JavaThread "jar transforms Thread 100" [_thread_blocked, id=6884, stack(0x0000000029cf0000,0x0000000029df0000)]
  0x000000001e0ed800 JavaThread "jar transforms Thread 99" [_thread_blocked, id=18184, stack(0x0000000029bf0000,0x0000000029cf0000)]
  0x000000001e0f0800 JavaThread "jar transforms Thread 98" [_thread_blocked, id=12660, stack(0x0000000029af0000,0x0000000029bf0000)]
  0x000000001e6ed800 JavaThread "jar transforms Thread 97" [_thread_blocked, id=13488, stack(0x00000000299f0000,0x0000000029af0000)]
  0x000000001e6f2000 JavaThread "jar transforms Thread 96" [_thread_blocked, id=17980, stack(0x00000000298f0000,0x00000000299f0000)]
  0x000000001e6ef000 JavaThread "jar transforms Thread 95" [_thread_blocked, id=16828, stack(0x00000000297f0000,0x00000000298f0000)]
  0x000000001e6ef800 JavaThread "jar transforms Thread 94" [_thread_blocked, id=17804, stack(0x00000000296f0000,0x00000000297f0000)]
  0x000000001e6f1000 JavaThread "jar transforms Thread 93" [_thread_blocked, id=4184, stack(0x00000000295f0000,0x00000000296f0000)]
  0x000000001e6ee000 JavaThread "jar transforms Thread 92" [_thread_blocked, id=17436, stack(0x00000000294f0000,0x00000000295f0000)]
  0x000000001e6ec800 JavaThread "jar transforms Thread 91" [_thread_blocked, id=1928, stack(0x00000000293f0000,0x00000000294f0000)]
  0x000000001e6f0800 JavaThread "jar transforms Thread 90" [_thread_blocked, id=15120, stack(0x00000000292f0000,0x00000000293f0000)]
  0x000000001e6ec000 JavaThread "jar transforms Thread 89" [_thread_blocked, id=14988, stack(0x00000000291f0000,0x00000000292f0000)]
  0x000000001e6e4800 JavaThread "jar transforms Thread 88" [_thread_blocked, id=4584, stack(0x00000000290f0000,0x00000000291f0000)]
  0x000000001e6eb000 JavaThread "jar transforms Thread 87" [_thread_blocked, id=15688, stack(0x0000000028ff0000,0x00000000290f0000)]
  0x000000001e6e3800 JavaThread "jar transforms Thread 86" [_thread_blocked, id=4628, stack(0x0000000028ef0000,0x0000000028ff0000)]
  0x000000001e6ea800 JavaThread "jar transforms Thread 85" [_thread_blocked, id=20452, stack(0x0000000028df0000,0x0000000028ef0000)]
  0x000000001e6e7800 JavaThread "jar transforms Thread 84" [_thread_blocked, id=18144, stack(0x0000000028cf0000,0x0000000028df0000)]
  0x000000001e6e6800 JavaThread "jar transforms Thread 83" [_thread_blocked, id=5908, stack(0x0000000028bf0000,0x0000000028cf0000)]
  0x000000001e6e5000 JavaThread "jar transforms Thread 82" [_thread_blocked, id=13012, stack(0x0000000028af0000,0x0000000028bf0000)]
  0x000000001e6e3000 JavaThread "jar transforms Thread 81" [_thread_blocked, id=20144, stack(0x00000000289f0000,0x0000000028af0000)]
  0x000000001e6e9800 JavaThread "jar transforms Thread 80" [_thread_blocked, id=9404, stack(0x00000000288f0000,0x00000000289f0000)]
  0x000000001e6e6000 JavaThread "jar transforms Thread 79" [_thread_blocked, id=12852, stack(0x00000000287f0000,0x00000000288f0000)]
  0x000000001e6e9000 JavaThread "jar transforms Thread 78" [_thread_blocked, id=2260, stack(0x00000000286f0000,0x00000000287f0000)]
  0x000000001e6e8000 JavaThread "jar transforms Thread 77" [_thread_blocked, id=15716, stack(0x00000000285f0000,0x00000000286f0000)]
  0x000000001f9bc000 JavaThread "jar transforms Thread 76" [_thread_blocked, id=7688, stack(0x00000000284f0000,0x00000000285f0000)]
  0x000000001f9c2000 JavaThread "jar transforms Thread 75" [_thread_blocked, id=16592, stack(0x00000000283f0000,0x00000000284f0000)]
  0x000000001f9c0800 JavaThread "jar transforms Thread 74" [_thread_blocked, id=17688, stack(0x00000000282f0000,0x00000000283f0000)]
  0x000000001f9c0000 JavaThread "jar transforms Thread 73" [_thread_blocked, id=12444, stack(0x00000000281f0000,0x00000000282f0000)]
  0x000000001f9c1800 JavaThread "jar transforms Thread 72" [_thread_blocked, id=1344, stack(0x00000000280f0000,0x00000000281f0000)]
  0x000000001f9bf000 JavaThread "jar transforms Thread 71" [_thread_blocked, id=10592, stack(0x0000000027ff0000,0x00000000280f0000)]
  0x000000001f9bb800 JavaThread "jar transforms Thread 70" [_thread_blocked, id=10384, stack(0x0000000027ef0000,0x0000000027ff0000)]
  0x000000001f9be800 JavaThread "jar transforms Thread 69" [_thread_blocked, id=12488, stack(0x0000000027df0000,0x0000000027ef0000)]
  0x000000001f9b7000 JavaThread "jar transforms Thread 68" [_thread_blocked, id=12492, stack(0x0000000027cf0000,0x0000000027df0000)]
  0x000000001f9bd800 JavaThread "jar transforms Thread 67" [_thread_blocked, id=20168, stack(0x0000000027bf0000,0x0000000027cf0000)]
  0x000000001f9b7800 JavaThread "jar transforms Thread 66" [_thread_blocked, id=10048, stack(0x0000000027af0000,0x0000000027bf0000)]
  0x000000001f9bd000 JavaThread "jar transforms Thread 65" [_thread_blocked, id=21748, stack(0x00000000279f0000,0x0000000027af0000)]
  0x000000001f9b4800 JavaThread "jar transforms Thread 64" [_thread_blocked, id=8036, stack(0x00000000278f0000,0x00000000279f0000)]
  0x000000001f9ba800 JavaThread "jar transforms Thread 63" [_thread_blocked, id=11636, stack(0x00000000277f0000,0x00000000278f0000)]
  0x000000001f9b9000 JavaThread "jar transforms Thread 62" [_thread_blocked, id=8552, stack(0x00000000276f0000,0x00000000277f0000)]
  0x000000001f9b4000 JavaThread "jar transforms Thread 61" [_thread_blocked, id=9304, stack(0x00000000275f0000,0x00000000276f0000)]
  0x000000001f9b6000 JavaThread "jar transforms Thread 60" [_thread_blocked, id=15280, stack(0x00000000274f0000,0x00000000275f0000)]
  0x000000001f9b5800 JavaThread "jar transforms Thread 59" [_thread_blocked, id=17284, stack(0x00000000273f0000,0x00000000274f0000)]
  0x000000001f9b3000 JavaThread "jar transforms Thread 58" [_thread_blocked, id=6900, stack(0x00000000272f0000,0x00000000273f0000)]
  0x000000001f9ba000 JavaThread "jar transforms Thread 57" [_thread_blocked, id=20016, stack(0x00000000271f0000,0x00000000272f0000)]
  0x000000001f9b8800 JavaThread "jar transforms Thread 56" [_thread_blocked, id=3140, stack(0x00000000270f0000,0x00000000271f0000)]
  0x000000001f73e000 JavaThread "jar transforms Thread 55" [_thread_blocked, id=19460, stack(0x0000000026ff0000,0x00000000270f0000)]
  0x000000001f73d000 JavaThread "jar transforms Thread 54" [_thread_blocked, id=17568, stack(0x0000000026ef0000,0x0000000026ff0000)]
  0x000000001f73f800 JavaThread "jar transforms Thread 53" [_thread_blocked, id=17060, stack(0x0000000026df0000,0x0000000026ef0000)]
  0x000000001f73b000 JavaThread "jar transforms Thread 52" [_thread_blocked, id=18252, stack(0x0000000026cf0000,0x0000000026df0000)]
  0x000000001f73e800 JavaThread "jar transforms Thread 51" [_thread_blocked, id=22376, stack(0x0000000026bf0000,0x0000000026cf0000)]
  0x000000001f73c800 JavaThread "jar transforms Thread 50" [_thread_blocked, id=19120, stack(0x0000000026af0000,0x0000000026bf0000)]
  0x000000001f73a000 JavaThread "jar transforms Thread 49" [_thread_blocked, id=16140, stack(0x00000000269f0000,0x0000000026af0000)]
  0x000000001f739800 JavaThread "jar transforms Thread 48" [_thread_blocked, id=3716, stack(0x00000000268f0000,0x00000000269f0000)]
  0x000000001f73b800 JavaThread "jar transforms Thread 47" [_thread_blocked, id=2520, stack(0x00000000267f0000,0x00000000268f0000)]
  0x000000001f732000 JavaThread "jar transforms Thread 46" [_thread_blocked, id=16516, stack(0x00000000266f0000,0x00000000267f0000)]
  0x000000001f735000 JavaThread "jar transforms Thread 45" [_thread_blocked, id=18176, stack(0x00000000265f0000,0x00000000266f0000)]
  0x000000001f738000 JavaThread "jar transforms Thread 44" [_thread_blocked, id=17112, stack(0x00000000264f0000,0x00000000265f0000)]
  0x000000001f733800 JavaThread "jar transforms Thread 43" [_thread_blocked, id=18260, stack(0x00000000263f0000,0x00000000264f0000)]
  0x000000001f736800 JavaThread "jar transforms Thread 42" [_thread_blocked, id=1744, stack(0x00000000262f0000,0x00000000263f0000)]
  0x000000001f738800 JavaThread "jar transforms Thread 41" [_thread_blocked, id=16620, stack(0x00000000261f0000,0x00000000262f0000)]
  0x000000001f734000 JavaThread "jar transforms Thread 40" [_thread_blocked, id=12192, stack(0x00000000260f0000,0x00000000261f0000)]
  0x000000001f735800 JavaThread "jar transforms Thread 39" [_thread_blocked, id=15636, stack(0x0000000025ff0000,0x00000000260f0000)]
  0x000000001f731000 JavaThread "jar transforms Thread 38" [_thread_blocked, id=17676, stack(0x0000000025ef0000,0x0000000025ff0000)]
  0x000000001f732800 JavaThread "jar transforms Thread 37" [_thread_blocked, id=12956, stack(0x0000000025df0000,0x0000000025ef0000)]
  0x000000001f737000 JavaThread "jar transforms Thread 36" [_thread_blocked, id=17116, stack(0x0000000025cf0000,0x0000000025df0000)]
  0x000000001f730800 JavaThread "jar transforms Thread 35" [_thread_blocked, id=17196, stack(0x0000000025bf0000,0x0000000025cf0000)]
  0x000000001b62c000 JavaThread "jar transforms Thread 34" [_thread_blocked, id=16820, stack(0x0000000025af0000,0x0000000025bf0000)]
  0x000000001b7a7000 JavaThread "jar transforms Thread 33" [_thread_blocked, id=18660, stack(0x00000000259f0000,0x0000000025af0000)]
  0x000000001b7ad000 JavaThread "jar transforms Thread 32" [_thread_blocked, id=18664, stack(0x00000000258f0000,0x00000000259f0000)]
  0x000000001b7ac000 JavaThread "jar transforms Thread 31" [_thread_blocked, id=10372, stack(0x00000000257f0000,0x00000000258f0000)]
  0x000000001b7a6000 JavaThread "jar transforms Thread 30" [_thread_blocked, id=7788, stack(0x00000000256f0000,0x00000000257f0000)]
  0x000000001b7ab800 JavaThread "jar transforms Thread 29" [_thread_blocked, id=2380, stack(0x00000000255f0000,0x00000000256f0000)]
  0x000000001b7a9000 JavaThread "jar transforms Thread 28" [_thread_blocked, id=2408, stack(0x00000000254f0000,0x00000000255f0000)]
  0x000000001e72a000 JavaThread "jar transforms Thread 27" [_thread_blocked, id=10376, stack(0x0000000020b50000,0x0000000020c50000)]
  0x000000001e729000 JavaThread "jar transforms Thread 26" [_thread_blocked, id=22516, stack(0x0000000020a50000,0x0000000020b50000)]
  0x000000001e727800 JavaThread "jar transforms Thread 25" [_thread_blocked, id=22344, stack(0x0000000020950000,0x0000000020a50000)]
  0x000000001e727000 JavaThread "jar transforms Thread 24" [_thread_blocked, id=4168, stack(0x0000000020850000,0x0000000020950000)]
  0x000000001e724800 JavaThread "jar transforms Thread 23" [_thread_blocked, id=6476, stack(0x0000000020750000,0x0000000020850000)]
  0x000000001e728800 JavaThread "jar transforms Thread 22" [_thread_blocked, id=10708, stack(0x0000000020650000,0x0000000020750000)]
  0x000000001e725800 JavaThread "jar transforms Thread 21" [_thread_blocked, id=1876, stack(0x0000000020550000,0x0000000020650000)]
  0x000000001e71f800 JavaThread "Build operations Thread 8" [_thread_blocked, id=13228, stack(0x00000000253f0000,0x00000000254f0000)]
  0x000000001e726000 JavaThread "Build operations Thread 7" [_thread_blocked, id=9112, stack(0x00000000252f0000,0x00000000253f0000)]
  0x000000001e724000 JavaThread "Build operations Thread 6" [_thread_blocked, id=12976, stack(0x00000000251f0000,0x00000000252f0000)]
  0x000000001e723000 JavaThread "Build operations Thread 5" [_thread_blocked, id=13316, stack(0x00000000250f0000,0x00000000251f0000)]
  0x000000001e721000 JavaThread "Build operations Thread 4" [_thread_blocked, id=3952, stack(0x0000000024ff0000,0x00000000250f0000)]
  0x000000001e71b800 JavaThread "Build operations Thread 3" [_thread_blocked, id=11172, stack(0x0000000024ef0000,0x0000000024ff0000)]
  0x000000001e71d000 JavaThread "Build operations Thread 2" [_thread_blocked, id=5576, stack(0x0000000024df0000,0x0000000024ef0000)]
  0x000000001e722800 JavaThread "Build operations" [_thread_blocked, id=17668, stack(0x0000000024cf0000,0x0000000024df0000)]
  0x000000001e721800 JavaThread "Cache worker for Build Output Cleanup Cache (C:\Users\antoi\AndroidStudioProjects\peage\.gradle\buildOutputCleanup)" [_thread_blocked, id=15016, stack(0x000000001d8b0000,0x000000001d9b0000)]
  0x000000001b631800 JavaThread "Cache worker for file content cache (C:\Users\antoi\.gradle\caches\6.5\fileContent)" [_thread_blocked, id=21524, stack(0x0000000001280000,0x0000000001380000)]
  0x000000001b630800 JavaThread "Cache worker for execution history cache (C:\Users\antoi\.gradle\caches\6.5\executionHistory)" [_thread_blocked, id=5768, stack(0x0000000022050000,0x0000000022150000)]
  0x000000001b636000 JavaThread "Cache worker for cache directory md-rule (C:\Users\antoi\.gradle\caches\6.5\md-rule)" [_thread_blocked, id=20188, stack(0x0000000021d50000,0x0000000021e50000)]
  0x000000001b633000 JavaThread "Cache worker for cache directory md-supplier (C:\Users\antoi\.gradle\caches\6.5\md-supplier)" [_thread_blocked, id=14904, stack(0x0000000021c50000,0x0000000021d50000)]
  0x000000001b630000 JavaThread "Cache worker for checksums cache (C:\Users\antoi\AndroidStudioProjects\peage\.gradle\checksums)" [_thread_blocked, id=19660, stack(0x0000000021b50000,0x0000000021c50000)]
  0x000000001b62f000 JavaThread "jar transforms Thread 20" [_thread_blocked, id=10172, stack(0x0000000021850000,0x0000000021950000)]
  0x000000001b634800 JavaThread "jar transforms Thread 19" [_thread_blocked, id=15428, stack(0x0000000021750000,0x0000000021850000)]
  0x000000001b632000 JavaThread "jar transforms Thread 18" [_thread_blocked, id=9432, stack(0x0000000021650000,0x0000000021750000)]
  0x000000001b627800 JavaThread "jar transforms Thread 17" [_thread_blocked, id=19064, stack(0x0000000021550000,0x0000000021650000)]
  0x000000001b62e800 JavaThread "jar transforms Thread 16" [_thread_blocked, id=4892, stack(0x0000000021450000,0x0000000021550000)]
  0x000000001b627000 JavaThread "jar transforms Thread 15" [_thread_blocked, id=15064, stack(0x0000000021350000,0x0000000021450000)]
  0x000000001b628800 JavaThread "jar transforms Thread 14" [_thread_blocked, id=18712, stack(0x0000000021250000,0x0000000021350000)]
  0x000000001b62d800 JavaThread "jar transforms Thread 13" [_thread_blocked, id=22268, stack(0x0000000021150000,0x0000000021250000)]
  0x000000001b62b800 JavaThread "jar transforms Thread 12" [_thread_blocked, id=21616, stack(0x0000000021050000,0x0000000021150000)]
  0x000000001b62a800 JavaThread "jar transforms Thread 11" [_thread_blocked, id=21544, stack(0x0000000020f50000,0x0000000021050000)]
  0x000000001b629000 JavaThread "jar transforms Thread 10" [_thread_blocked, id=21932, stack(0x0000000020e50000,0x0000000020f50000)]
  0x000000001b62a000 JavaThread "jar transforms Thread 9" [_thread_blocked, id=21632, stack(0x0000000020d50000,0x0000000020e50000)]
  0x000000001b62d000 JavaThread "jar transforms Thread 8" [_thread_blocked, id=21600, stack(0x0000000020c50000,0x0000000020d50000)]
  0x000000001b7aa800 JavaThread "Cache worker for file hash cache (C:\Users\antoi\AndroidStudioProjects\peage\.gradle\6.5\fileHashes)" [_thread_blocked, id=20164, stack(0x0000000020450000,0x0000000020550000)]
  0x000000001b7a7800 JavaThread "Cache worker for file hash cache (C:\Users\antoi\.gradle\caches\6.5\fileHashes)" [_thread_blocked, id=22192, stack(0x000000001ff50000,0x0000000020050000)]
  0x000000001b7aa000 JavaThread "File lock release action executor" [_thread_blocked, id=22152, stack(0x000000001fe50000,0x000000001ff50000)]
  0x000000001b7a8800 JavaThread "File lock request listener" [_thread_in_native, id=22140, stack(0x000000001fd50000,0x000000001fe50000)]
  0x000000001e13f000 JavaThread "Cache worker for journal cache (C:\Users\antoi\.gradle\caches\journal-1)" [_thread_blocked, id=22044, stack(0x000000001fc50000,0x000000001fd50000)]
  0x000000001b2cf000 JavaThread "Thread-9" [_thread_blocked, id=21596, stack(0x000000001d9b0000,0x000000001dab0000)]
  0x000000001b7b8800 JavaThread "Asynchronous log dispatcher for DefaultDaemonConnection: socket connection from /127.0.0.1:60488 to /127.0.0.1:60497" [_thread_blocked, id=21572, stack(0x000000001d7b0000,0x000000001d8b0000)]
  0x000000001b7b6000 JavaThread "Daemon worker" [_thread_in_Java, id=21560, stack(0x000000001d6b0000,0x000000001d7b0000)]
  0x000000001b7b5000 JavaThread "Cancel handler" [_thread_blocked, id=21532, stack(0x000000001d4b0000,0x000000001d5b0000)]
  0x000000001b31f800 JavaThread "Handler for socket connection from /127.0.0.1:60488 to /127.0.0.1:60497" [_thread_in_native, id=11928, stack(0x000000001d3b0000,0x000000001d4b0000)]
  0x000000001b31c000 JavaThread "Daemon" [_thread_blocked, id=3664, stack(0x000000001d2b0000,0x000000001d3b0000)]
  0x000000001b30c800 JavaThread "Daemon periodic checks" [_thread_blocked, id=20292, stack(0x000000001cfb0000,0x000000001d0b0000)]
  0x000000001b410000 JavaThread "Incoming local TCP Connector on port 60488" [_thread_in_native, id=20884, stack(0x000000001cd40000,0x000000001ce40000)]
  0x000000001be5a000 JavaThread "Daemon health stats" [_thread_blocked, id=20836, stack(0x000000001c700000,0x000000001c800000)]
  0x0000000019e9d000 JavaThread "Service Thread" daemon [_thread_blocked, id=2564, stack(0x000000001ab30000,0x000000001ac30000)]
  0x0000000019e8e000 JavaThread "C1 CompilerThread3" daemon [_thread_blocked, id=19604, stack(0x000000001aa30000,0x000000001ab30000)]
  0x0000000019e85000 JavaThread "C2 CompilerThread2" daemon [_thread_in_native, id=19556, stack(0x000000001a930000,0x000000001aa30000)]
=>0x0000000019e84000 JavaThread "C2 CompilerThread1" daemon [_thread_in_native, id=3792, stack(0x000000001a830000,0x000000001a930000)]
  0x0000000019e30800 JavaThread "C2 CompilerThread0" daemon [_thread_blocked, id=18816, stack(0x000000001a730000,0x000000001a830000)]
  0x0000000019e2f000 JavaThread "Attach Listener" daemon [_thread_blocked, id=19588, stack(0x000000001a630000,0x000000001a730000)]
  0x0000000019e2e000 JavaThread "Signal Dispatcher" daemon [_thread_blocked, id=19096, stack(0x000000001a530000,0x000000001a630000)]
  0x0000000002e98800 JavaThread "Finalizer" daemon [_thread_blocked, id=19376, stack(0x000000001a300000,0x000000001a400000)]
  0x000000001800c000 JavaThread "Reference Handler" daemon [_thread_blocked, id=17832, stack(0x000000001a200000,0x000000001a300000)]
  0x0000000002da2800 JavaThread "main" [_thread_blocked, id=6296, stack(0x0000000002c10000,0x0000000002d10000)]

Other Threads:
  0x0000000018007800 VMThread [stack: 0x0000000019d00000,0x0000000019e00000] [id=19484]
  0x0000000019e9d800 WatcherThread [stack: 0x000000001ac30000,0x000000001ad30000] [id=19616]

VM state:not at safepoint (normal execution)

VM Mutex/Monitor currently owned by a thread: None

heap address: 0x0000000080000000, size: 2048 MB, Compressed Oops mode: 32-bit
Narrow klass base: 0x0000000000000000, Narrow klass shift: 3
Compressed class space size: 1073741824 Address: 0x0000000100000000

Heap:
 PSYoungGen      total 205824K, used 184448K [0x00000000d5580000, 0x00000000ec600000, 0x0000000100000000)
  eden space 192512K, 95% used [0x00000000d5580000,0x00000000e09a0218,0x00000000e1180000)
  from space 13312K, 0% used [0x00000000e1180000,0x00000000e1180000,0x00000000e1e80000)
  to   space 13312K, 0% used [0x00000000eb900000,0x00000000eb900000,0x00000000ec600000)
 ParOldGen       total 54784K, used 15185K [0x0000000080000000, 0x0000000083580000, 0x00000000d5580000)
  object space 54784K, 27% used [0x0000000080000000,0x0000000080ed4728,0x0000000083580000)
 Metaspace       used 40437K, capacity 42320K, committed 42584K, reserved 1085440K
  class space    used 5515K, capacity 5873K, committed 5976K, reserved 1048576K

Card table byte_map: [0x0000000012360000,0x0000000012770000] byte_map_base: 0x0000000011f60000

Marking Bits: (ParMarkBitMap*) 0x000000005a2df030
 Begin Bits: [0x0000000013220000, 0x0000000015220000)
 End Bits:   [0x0000000015220000, 0x0000000017220000)

Polling page: 0x0000000001400000

CodeCache: size=245760Kb used=14152Kb max_used=14166Kb free=231607Kb
 bounds [0x0000000002fa0000, 0x0000000003d90000, 0x0000000011fa0000]
 total_blobs=4897 nmethods=4187 adapters=623
 compilation: enabled

Compilation events (10 events):
Event: 123.745 Thread 0x0000000019e8e000 nmethod 4673 0x0000000003d679d0 code [0x0000000003d67ca0, 0x0000000003d694c8]
Event: 123.757 Thread 0x0000000019e30800 4675       4       com.google.common.collect.RegularImmutableSet::iterator (5 bytes)
Event: 123.790 Thread 0x0000000019e8e000 4678       3       java.lang.reflect.Method::hashCode (19 bytes)
Event: 123.873 Thread 0x0000000019e8e000 nmethod 4678 0x0000000003d67150 code [0x0000000003d672e0, 0x0000000003d67848]
Event: 123.873 Thread 0x0000000019e8e000 4679       3       com.google.common.collect.Sets::newLinkedHashSet (8 bytes)
Event: 123.874 Thread 0x0000000019e8e000 nmethod 4679 0x0000000003d78950 code [0x0000000003d78b00, 0x0000000003d78fa8]
Event: 123.875 Thread 0x0000000019e30800 nmethod 4675 0x0000000003d62d10 code [0x0000000003d62e60, 0x0000000003d63008]
Event: 123.875 Thread 0x0000000019e30800 4677       4       org.gradle.internal.reflect.PropertyAccessorType::of (95 bytes)
Event: 123.882 Thread 0x0000000019e30800 nmethod 4677 0x0000000003d7a150 code [0x0000000003d7a2c0, 0x0000000003d7a678]
Event: 123.882 Thread 0x0000000019e30800 4676       4       org.gradle.internal.instantiation.generator.AbstractClassGenerator$InjectionAnnotationValidator::validateMethod (166 bytes)

GC Heap History (10 events):
Event: 51.442 GC heap before
{Heap before GC invocations=5 (full 0):
 PSYoungGen      total 102400K, used 58130K [0x00000000d5580000, 0x00000000dbd80000, 0x0000000100000000)
  eden space 98304K, 54% used [0x00000000d5580000,0x00000000d8a488a8,0x00000000db580000)
  from space 4096K, 99% used [0x00000000db980000,0x00000000dbd7c010,0x00000000dbd80000)
  to   space 4096K, 0% used [0x00000000db580000,0x00000000db580000,0x00000000db980000)
 ParOldGen       total 65536K, used 7185K [0x0000000080000000, 0x0000000084000000, 0x00000000d5580000)
  object space 65536K, 10% used [0x0000000080000000,0x00000000807045e0,0x0000000084000000)
 Metaspace       used 20442K, capacity 21204K, committed 21248K, reserved 1067008K
  class space    used 2847K, capacity 3032K, committed 3072K, reserved 1048576K
Event: 51.550 GC heap after
Heap after GC invocations=5 (full 0):
 PSYoungGen      total 102400K, used 4084K [0x00000000d5580000, 0x00000000e2c80000, 0x0000000100000000)
  eden space 98304K, 0% used [0x00000000d5580000,0x00000000d5580000,0x00000000db580000)
  from space 4096K, 99% used [0x00000000db580000,0x00000000db97d040,0x00000000db980000)
  to   space 11776K, 0% used [0x00000000e2100000,0x00000000e2100000,0x00000000e2c80000)
 ParOldGen       total 65536K, used 12319K [0x0000000080000000, 0x0000000084000000, 0x00000000d5580000)
  object space 65536K, 18% used [0x0000000080000000,0x0000000080c07e20,0x0000000084000000)
 Metaspace       used 20442K, capacity 21204K, committed 21248K, reserved 1067008K
  class space    used 2847K, capacity 3032K, committed 3072K, reserved 1048576K
}
Event: 51.550 GC heap before
{Heap before GC invocations=6 (full 1):
 PSYoungGen      total 102400K, used 4084K [0x00000000d5580000, 0x00000000e2c80000, 0x0000000100000000)
  eden space 98304K, 0% used [0x00000000d5580000,0x00000000d5580000,0x00000000db580000)
  from space 4096K, 99% used [0x00000000db580000,0x00000000db97d040,0x00000000db980000)
  to   space 11776K, 0% used [0x00000000e2100000,0x00000000e2100000,0x00000000e2c80000)
 ParOldGen       total 65536K, used 12319K [0x0000000080000000, 0x0000000084000000, 0x00000000d5580000)
  object space 65536K, 18% used [0x0000000080000000,0x0000000080c07e20,0x0000000084000000)
 Metaspace       used 20442K, capacity 21204K, committed 21248K, reserved 1067008K
  class space    used 2847K, capacity 3032K, committed 3072K, reserved 1048576K
Event: 51.860 GC heap after
Heap after GC invocations=6 (full 1):
 PSYoungGen      total 102400K, used 0K [0x00000000d5580000, 0x00000000e2c80000, 0x0000000100000000)
  eden space 98304K, 0% used [0x00000000d5580000,0x00000000d5580000,0x00000000db580000)
  from space 4096K, 0% used [0x00000000db580000,0x00000000db580000,0x00000000db980000)
  to   space 11776K, 0% used [0x00000000e2100000,0x00000000e2100000,0x00000000e2c80000)
 ParOldGen       total 45568K, used 10170K [0x0000000080000000, 0x0000000082c80000, 0x00000000d5580000)
  object space 45568K, 22% used [0x0000000080000000,0x00000000809eeba8,0x0000000082c80000)
 Metaspace       used 20442K, capacity 21204K, committed 21248K, reserved 1067008K
  class space    used 2847K, capacity 3032K, committed 3072K, reserved 1048576K
}
Event: 66.962 GC heap before
{Heap before GC invocations=7 (full 1):
 PSYoungGen      total 102400K, used 98304K [0x00000000d5580000, 0x00000000e2c80000, 0x0000000100000000)
  eden space 98304K, 100% used [0x00000000d5580000,0x00000000db580000,0x00000000db580000)
  from space 4096K, 0% used [0x00000000db580000,0x00000000db580000,0x00000000db980000)
  to   space 11776K, 0% used [0x00000000e2100000,0x00000000e2100000,0x00000000e2c80000)
 ParOldGen       total 45568K, used 10170K [0x0000000080000000, 0x0000000082c80000, 0x00000000d5580000)
  object space 45568K, 22% used [0x0000000080000000,0x00000000809eeba8,0x0000000082c80000)
 Metaspace       used 31031K, capacity 32096K, committed 32384K, reserved 1077248K
  class space    used 4156K, capacity 4412K, committed 4480K, reserved 1048576K
Event: 68.546 GC heap after
Heap after GC invocations=7 (full 1):
 PSYoungGen      total 197632K, used 10627K [0x00000000d5580000, 0x00000000e2b80000, 0x0000000100000000)
  eden space 186880K, 0% used [0x00000000d5580000,0x00000000d5580000,0x00000000e0c00000)
  from space 10752K, 98% used [0x00000000e2100000,0x00000000e2b60fa8,0x00000000e2b80000)
  to   space 13312K, 0% used [0x00000000e1180000,0x00000000e1180000,0x00000000e1e80000)
 ParOldGen       total 45568K, used 10178K [0x0000000080000000, 0x0000000082c80000, 0x00000000d5580000)
  object space 45568K, 22% used [0x0000000080000000,0x00000000809f0ba8,0x0000000082c80000)
 Metaspace       used 31031K, capacity 32096K, committed 32384K, reserved 1077248K
  class space    used 4156K, capacity 4412K, committed 4480K, reserved 1048576K
}
Event: 93.618 GC heap before
{Heap before GC invocations=8 (full 1):
 PSYoungGen      total 197632K, used 75481K [0x00000000d5580000, 0x00000000e2b80000, 0x0000000100000000)
  eden space 186880K, 34% used [0x00000000d5580000,0x00000000d94d5540,0x00000000e0c00000)
  from space 10752K, 98% used [0x00000000e2100000,0x00000000e2b60fa8,0x00000000e2b80000)
  to   space 13312K, 0% used [0x00000000e1180000,0x00000000e1180000,0x00000000e1e80000)
 ParOldGen       total 45568K, used 10178K [0x0000000080000000, 0x0000000082c80000, 0x00000000d5580000)
  object space 45568K, 22% used [0x0000000080000000,0x00000000809f0ba8,0x0000000082c80000)
 Metaspace       used 33989K, capacity 35314K, committed 35416K, reserved 1079296K
  class space    used 4572K, capacity 4880K, committed 4952K, reserved 1048576K
Event: 93.780 GC heap after
Heap after GC invocations=8 (full 1):
 PSYoungGen      total 205824K, used 8888K [0x00000000d5580000, 0x00000000ec600000, 0x0000000100000000)
  eden space 192512K, 0% used [0x00000000d5580000,0x00000000d5580000,0x00000000e1180000)
  from space 13312K, 66% used [0x00000000e1180000,0x00000000e1a2e1d8,0x00000000e1e80000)
  to   space 13312K, 0% used [0x00000000eb900000,0x00000000eb900000,0x00000000ec600000)
 ParOldGen       total 45568K, used 10186K [0x0000000080000000, 0x0000000082c80000, 0x00000000d5580000)
  object space 45568K, 22% used [0x0000000080000000,0x00000000809f2ba8,0x0000000082c80000)
 Metaspace       used 33989K, capacity 35314K, committed 35416K, reserved 1079296K
  class space    used 4572K, capacity 4880K, committed 4952K, reserved 1048576K
}
Event: 93.780 GC heap before
{Heap before GC invocations=9 (full 2):
 PSYoungGen      total 205824K, used 8888K [0x00000000d5580000, 0x00000000ec600000, 0x0000000100000000)
  eden space 192512K, 0% used [0x00000000d5580000,0x00000000d5580000,0x00000000e1180000)
  from space 13312K, 66% used [0x00000000e1180000,0x00000000e1a2e1d8,0x00000000e1e80000)
  to   space 13312K, 0% used [0x00000000eb900000,0x00000000eb900000,0x00000000ec600000)
 ParOldGen       total 45568K, used 10186K [0x0000000080000000, 0x0000000082c80000, 0x00000000d5580000)
  object space 45568K, 22% used [0x0000000080000000,0x00000000809f2ba8,0x0000000082c80000)
 Metaspace       used 33989K, capacity 35314K, committed 35416K, reserved 1079296K
  class space    used 4572K, capacity 4880K, committed 4952K, reserved 1048576K
Event: 94.192 GC heap after
Heap after GC invocations=9 (full 2):
 PSYoungGen      total 205824K, used 0K [0x00000000d5580000, 0x00000000ec600000, 0x0000000100000000)
  eden space 192512K, 0% used [0x00000000d5580000,0x00000000d5580000,0x00000000e1180000)
  from space 13312K, 0% used [0x00000000e1180000,0x00000000e1180000,0x00000000e1e80000)
  to   space 13312K, 0% used [0x00000000eb900000,0x00000000eb900000,0x00000000ec600000)
 ParOldGen       total 54784K, used 15185K [0x0000000080000000, 0x0000000083580000, 0x00000000d5580000)
  object space 54784K, 27% used [0x0000000080000000,0x0000000080ed4728,0x0000000083580000)
 Metaspace       used 33989K, capacity 35314K, committed 35416K, reserved 1079296K
  class space    used 4572K, capacity 4880K, committed 4952K, reserved 1048576K
}

Deoptimization events (10 events):
Event: 115.076 Thread 0x000000001b7b6000 Uncommon trap: reason=unstable_if action=reinterpret pc=0x00000000039ae680 method=org.gradle.internal.snapshot.PathUtil.equalChars(CCLorg/gradle/internal/snapshot/CaseSensitivity;)Z @ 11
Event: 115.142 Thread 0x000000001e72a000 Uncommon trap: reason=unstable_if action=reinterpret pc=0x000000000398abf8 method=java.util.concurrent.SynchronousQueue$TransferStack.shouldSpin(Ljava/util/concurrent/SynchronousQueue$TransferStack$SNode;)Z @ 7
Event: 115.142 Thread 0x000000001b7ac000 Uncommon trap: reason=unstable_if action=reinterpret pc=0x000000000398abf8 method=java.util.concurrent.SynchronousQueue$TransferStack.shouldSpin(Ljava/util/concurrent/SynchronousQueue$TransferStack$SNode;)Z @ 7
Event: 115.142 Thread 0x000000001b7a7000 Uncommon trap: reason=unstable_if action=reinterpret pc=0x000000000327511c method=java.util.concurrent.SynchronousQueue$TransferStack.shouldSpin(Ljava/util/concurrent/SynchronousQueue$TransferStack$SNode;)Z @ 7
Event: 115.145 Thread 0x000000001f9b7000 Uncommon trap: reason=unstable_if action=reinterpret pc=0x00000000036d9904 method=java.util.concurrent.SynchronousQueue$TransferStack.shouldSpin(Ljava/util/concurrent/SynchronousQueue$TransferStack$SNode;)Z @ 7
Event: 118.284 Thread 0x000000001b7b6000 Uncommon trap: reason=unstable_if action=reinterpret pc=0x000000000333884c method=java.util.jar.JarFile.match([C[B[I[I)Z @ 29
Event: 122.790 Thread 0x000000001b7b6000 Uncommon trap: reason=unstable_if action=reinterpret pc=0x0000000003d0a200 method=java.lang.reflect.AccessibleObject.setAccessible0(Ljava/lang/reflect/AccessibleObject;Z)V @ 23
Event: 122.806 Thread 0x000000001b7b6000 Uncommon trap: reason=unstable_if action=reinterpret pc=0x00000000036dd824 method=java.util.WeakHashMap.put(Ljava/lang/Object;Ljava/lang/Object;)Ljava/lang/Object; @ 59
Event: 122.858 Thread 0x000000001b7b6000 Uncommon trap: reason=unstable_if action=reinterpret pc=0x0000000003ce9680 method=groovy.lang.MetaClassImpl.filterPropertyMethod(Ljava/lang/Object;ZZ)Ljava/lang/Object; @ 72
Event: 123.032 Thread 0x000000001b7b8800 Uncommon trap: reason=unstable_if action=reinterpret pc=0x0000000003c599d8 method=com.esotericsoftware.kryo.io.Output.writeString(Ljava/lang/CharSequence;)V @ 83

Classes redefined (0 events):
No events

Internal exceptions (10 events):
Event: 121.464 Thread 0x000000001b7b6000 Exception <a 'java/lang/ClassNotFoundException': org/gradle/api/tasks/Delete_DecoratedCustomizer> (0x00000000defb0638) thrown at [C:\src\AOSP-openjdk-git\hotspot\src\share\vm\classfile\systemDictionary.cpp, line 210]
Event: 122.741 Thread 0x000000001b7b6000 Exception <a 'java/lang/ClassNotFoundException': org/jetbrains/plugins/gradle/model/web/WebConfigurationBeanInfo> (0x00000000dfac95d8) thrown at [C:\src\AOSP-openjdk-git\hotspot\src\share\vm\classfile\systemDictionary.cpp, line 210]
Event: 122.751 Thread 0x000000001b7b6000 Exception <a 'java/lang/ClassNotFoundException': org/jetbrains/plugins/gradle/model/web/WebConfigurationCustomizer> (0x00000000dfadc470) thrown at [C:\src\AOSP-openjdk-git\hotspot\src\share\vm\classfile\systemDictionary.cpp, line 210]
Event: 122.790 Thread 0x000000001b7b6000 Exception <a 'java/lang/SecurityException'> (0x00000000dfaf21d8) thrown at [C:\src\AOSP-openjdk-git\hotspot\src\share\vm\prims\jvm.cpp, line 1506]
Event: 122.798 Thread 0x000000001b7b6000 Exception <a 'java/lang/ClassNotFoundException': java/lang/ClassBeanInfo> (0x00000000dfb0c620) thrown at [C:\src\AOSP-openjdk-git\hotspot\src\share\vm\classfile\systemDictionary.cpp, line 210]
Event: 122.798 Thread 0x000000001b7b6000 Exception <a 'java/lang/ClassNotFoundException': java/lang/ClassCustomizer> (0x00000000dfb14cd8) thrown at [C:\src\AOSP-openjdk-git\hotspot\src\share\vm\classfile\systemDictionary.cpp, line 210]
Event: 122.853 Thread 0x000000001b7b6000 Exception <a 'java/lang/ClassNotFoundException': java/lang/StringBeanInfo> (0x00000000dfc503a8) thrown at [C:\src\AOSP-openjdk-git\hotspot\src\share\vm\classfile\systemDictionary.cpp, line 210]
Event: 122.855 Thread 0x000000001b7b6000 Exception <a 'java/lang/ClassNotFoundException': java/lang/StringCustomizer> (0x00000000dfc58a60) thrown at [C:\src\AOSP-openjdk-git\hotspot\src\share\vm\classfile\systemDictionary.cpp, line 210]
Event: 122.990 Thread 0x000000001b7b6000 Exception <a 'java/lang/ClassNotFoundException': org/jetbrains/plugins/gradle/model/scala/ScalaModelBeanInfo> (0x00000000dfcb3e88) thrown at [C:\src\AOSP-openjdk-git\hotspot\src\share\vm\classfile\systemDictionary.cpp, line 210]
Event: 122.997 Thread 0x000000001b7b6000 Exception <a 'java/lang/ClassNotFoundException': org/jetbrains/plugins/gradle/model/scala/ScalaModelCustomizer> (0x00000000dfcc6590) thrown at [C:\src\AOSP-openjdk-git\hotspot\src\share\vm\classfile\systemDictionary.cpp, line 210]

Events (10 events):
Event: 123.874 loading class org/gradle/plugins/ide/idea/GenerateIdeaModule
Event: 123.874 loading class org/gradle/plugins/ide/idea/GenerateIdeaModule done
Event: 123.909 loading class org/gradle/plugins/ide/idea/IdeaPlugin$11
Event: 123.909 loading class org/gradle/plugins/ide/idea/IdeaPlugin$11 done
Event: 123.910 loading class org/gradle/plugins/ide/internal/configurer/HierarchicalElementDeduplicator
Event: 123.910 loading class org/gradle/plugins/ide/internal/configurer/HierarchicalElementDeduplicator done
Event: 123.911 loading class org/gradle/plugins/ide/internal/configurer/DefaultUniqueProjectNameProvider$ProjectPathDeduplicationAdapter
Event: 123.911 loading class org/gradle/plugins/ide/internal/configurer/DefaultUniqueProjectNameProvider$ProjectPathDeduplicationAdapter done
Event: 123.912 loading class org/gradle/plugins/ide/internal/configurer/HierarchicalElementDeduplicator$StatefulDeduplicator
Event: 123.912 loading class org/gradle/plugins/ide/internal/configurer/HierarchicalElementDeduplicator$StatefulDeduplicator done


Dynamic libraries:
0x00007ff626540000 - 0x00007ff626571000 	C:\Program Files\Android\Android Studio\jre\bin\java.exe
0x00007ffb1ef90000 - 0x00007ffb1f186000 	C:\WINDOWS\SYSTEM32\ntdll.dll
0x00007ffb1edd0000 - 0x00007ffb1ee8d000 	C:\WINDOWS\System32\KERNEL32.DLL
0x00007ffb1c9a0000 - 0x00007ffb1cc68000 	C:\WINDOWS\System32\KERNELBASE.dll
0x00007ffb1d2e0000 - 0x00007ffb1d38c000 	C:\WINDOWS\System32\ADVAPI32.dll
0x00007ffb1d240000 - 0x00007ffb1d2de000 	C:\WINDOWS\System32\msvcrt.dll
0x00007ffb1cff0000 - 0x00007ffb1d08b000 	C:\WINDOWS\System32\sechost.dll
0x00007ffb1d6a0000 - 0x00007ffb1d7c4000 	C:\WINDOWS\System32\RPCRT4.dll
0x00007ffb1e7b0000 - 0x00007ffb1e950000 	C:\WINDOWS\System32\USER32.dll
0x00007ffb1c870000 - 0x00007ffb1c892000 	C:\WINDOWS\System32\win32u.dll
0x00007ffb1e720000 - 0x00007ffb1e74a000 	C:\WINDOWS\System32\GDI32.dll
0x00007ffb1ce60000 - 0x00007ffb1cf69000 	C:\WINDOWS\System32\gdi32full.dll
0x00007ffb1c7d0000 - 0x00007ffb1c86d000 	C:\WINDOWS\System32\msvcp_win.dll
0x00007ffb1c6d0000 - 0x00007ffb1c7d0000 	C:\WINDOWS\System32\ucrtbase.dll
0x00007ffb08840000 - 0x00007ffb08adb000 	C:\WINDOWS\WinSxS\amd64_microsoft.windows.common-controls_6595b64144ccf1df_6.0.19041.488_none_ca04af081b815d21\COMCTL32.dll
0x00007ffb1d3f0000 - 0x00007ffb1d420000 	C:\WINDOWS\System32\IMM32.DLL
0x000000005c3f0000 - 0x000000005c4c2000 	C:\Program Files\Android\Android Studio\jre\jre\bin\msvcr100.dll
0x0000000059b10000 - 0x000000005a35b000 	C:\Program Files\Android\Android Studio\jre\jre\bin\server\jvm.dll
0x00007ffb1ef40000 - 0x00007ffb1ef48000 	C:\WINDOWS\System32\PSAPI.DLL
0x00007ffafd960000 - 0x00007ffafd969000 	C:\WINDOWS\SYSTEM32\WSOCK32.dll
0x00007ffb1e6b0000 - 0x00007ffb1e71b000 	C:\WINDOWS\System32\WS2_32.dll
0x00007ffb15940000 - 0x00007ffb15967000 	C:\WINDOWS\SYSTEM32\WINMM.dll
0x00007ffb159d0000 - 0x00007ffb159da000 	C:\WINDOWS\SYSTEM32\VERSION.dll
0x00007ffb17df0000 - 0x00007ffb17dff000 	C:\Program Files\Android\Android Studio\jre\jre\bin\verify.dll
0x00007ffb03d90000 - 0x00007ffb03db9000 	C:\Program Files\Android\Android Studio\jre\jre\bin\java.dll
0x00007ffb03c60000 - 0x00007ffb03c76000 	C:\Program Files\Android\Android Studio\jre\jre\bin\zip.dll
0x00007ffb1d850000 - 0x00007ffb1df91000 	C:\WINDOWS\System32\SHELL32.dll
0x00007ffb1a820000 - 0x00007ffb1afb5000 	C:\WINDOWS\SYSTEM32\windows.storage.dll
0x00007ffb1e950000 - 0x00007ffb1eca5000 	C:\WINDOWS\System32\combase.dll
0x00007ffb1c140000 - 0x00007ffb1c16c000 	C:\WINDOWS\SYSTEM32\Wldp.dll
0x00007ffb1ee90000 - 0x00007ffb1ef3e000 	C:\WINDOWS\System32\SHCORE.dll
0x00007ffb1e750000 - 0x00007ffb1e7a5000 	C:\WINDOWS\System32\shlwapi.dll
0x00007ffb1c600000 - 0x00007ffb1c626000 	C:\WINDOWS\SYSTEM32\profapi.dll
0x00007ffb03410000 - 0x00007ffb0342a000 	C:\Program Files\Android\Android Studio\jre\jre\bin\net.dll
0x00007ffb1bec0000 - 0x00007ffb1bf2a000 	C:\WINDOWS\system32\mswsock.dll
0x00007ffb04200000 - 0x00007ffb04213000 	C:\Program Files\Android\Android Studio\jre\jre\bin\nio.dll
0x00007ffb01ca0000 - 0x00007ffb01cc7000 	C:\Users\antoi\.gradle\native\f6784746aeab05261644944871eae4fe03e0ef1612fff0a4a95f87b438bc6780\windows-amd64\native-platform.dll
0x00007ffb17da0000 - 0x00007ffb17dad000 	C:\Program Files\Android\Android Studio\jre\jre\bin\management.dll
0x00007ffb1c090000 - 0x00007ffb1c0a8000 	C:\WINDOWS\SYSTEM32\CRYPTSP.dll
0x00007ffb1b7e0000 - 0x00007ffb1b814000 	C:\WINDOWS\system32\rsaenh.dll
0x00007ffb1cdd0000 - 0x00007ffb1cdf7000 	C:\WINDOWS\System32\bcrypt.dll
0x00007ffb1c580000 - 0x00007ffb1c5ae000 	C:\WINDOWS\SYSTEM32\USERENV.dll
0x00007ffb1cf70000 - 0x00007ffb1cfef000 	C:\WINDOWS\System32\bcryptprimitives.dll
0x00007ffb1c0b0000 - 0x00007ffb1c0bc000 	C:\WINDOWS\SYSTEM32\CRYPTBASE.dll
0x00007ffb1bb60000 - 0x00007ffb1bb9b000 	C:\WINDOWS\SYSTEM32\IPHLPAPI.DLL
0x00007ffb1d690000 - 0x00007ffb1d698000 	C:\WINDOWS\System32\NSI.dll
0x00007ffb19e70000 - 0x00007ffb19e87000 	C:\WINDOWS\SYSTEM32\dhcpcsvc6.DLL
0x00007ffb19e50000 - 0x00007ffb19e6d000 	C:\WINDOWS\SYSTEM32\dhcpcsvc.DLL
0x00007ffb1bbb0000 - 0x00007ffb1bc7b000 	C:\WINDOWS\SYSTEM32\DNSAPI.dll
0x00007ffb15b90000 - 0x00007ffb15b9b000 	C:\WINDOWS\SYSTEM32\WINNSI.DLL

VM Arguments:
jvm_args: -Xmx2048m -Dfile.encoding=UTF-8 -Duser.country=FR -Duser.language=fr -Duser.variant 
java_command: org.gradle.launcher.daemon.bootstrap.GradleDaemon 6.5
java_class_path (initial): C:\Users\antoi\.gradle\wrapper\dists\gradle-6.5-bin\6nifqtx7604sqp1q6g8wikw7p\gradle-6.5\lib\gradle-launcher-6.5.jar
Launcher Type: SUN_STANDARD

Environment Variables:
PATH=C:\Program Files\Common Files\Oracle\Java\javapath;C:\Program Files\Java\jdk-13.0.2\bin;C:\Program Files (x86)\Common Files\Oracle\Java\javapath;C:\Users\antoi\AppData\Local\Programs\Python\Python38-32\Lib\site-packages\pyfirmata;C:\windows\system32;C:\windows;C:\windows\System32\Wbem;C:\windows\System32\WindowsPowerShell\v1.0\;C:\windows\System32\OpenSSH\;C:\Program Files (x86)\NVIDIA Corporation\PhysX\Common;C:\Program Files\NVIDIA Corporation\NVIDIA NvDLISR;C:\Program Files (x86)\Smart Projects\IsoBuster;C:\users\antoi\appdata\local\programs\python\python38-32\lib\site-packages;C:\Users\antoi\AppData\Local\Packages\PythonSoftwareFoundation.Python.3.8_qbz5n2kfra8p0\LocalCache\local-packages\Python38\Scripts;C:\Program Files\Microsoft SQL Server\Client SDK\ODBC\110\Tools\Binn\;C:\Program Files (x86)\Microsoft SQL Server\120\Tools\Binn\;C:\Program Files\Microsoft SQL Server\120\Tools\Binn\;C:\Program Files\Microsoft SQL Server\120\DTS\Binn\;C:\Program Files (x86)\Windows Kits\8.1\Windows Performance Toolkit\;C:\Program Files\nodejs\;C:\Users\antoi\AppData\Loc;C:\Program Files (x86)\Minimal ADB and Fastboot;C:\WINDOWS\system32;C:\WINDOWS;C:\WINDOWS\System32\Wbem;C:\WINDOWS\System32\WindowsPowerShell\v1.0\;C:\WINDOWS\System32\OpenSSH\;C:\Coding\Javascript\botDiscord\node_modules\eslint;C:\Program Files\Java\jdk-15\bin;C:\Program Files\MiKTeX 2.9\miktex\bin\x64\;C:\Users\antoi\AppData\Local\Microsoft\WindowsApps;C:\Users\antoi\AppData\Local\atom\bin;C:\Users\antoi\AppData\Local\Programs\Python\Python38-32\Lib\site-packages\pyfirmata;C:\Users\antoi\AppData\Roaming\npm;C:\Users\antoi\AppData\Local\Microsoft\WindowsApps;C:\Coding\Javascript\botDiscord\node_modules\eslint;C:\Program Files\Java\jdk-15\bin;
USERNAME=antoi
OS=Windows_NT
PROCESSOR_IDENTIFIER=AMD64 Family 23 Model 24 Stepping 1, AuthenticAMD



---------------  S Y S T E M  ---------------

OS: Windows 10.0 , 64 bit Build 19041 (10.0.19041.546)

CPU:total 8 (initial active 8) (8 cores per cpu, 1 threads per core) family 23 model 24 stepping 1, cmov, cx8, fxsr, mmx, sse, sse2, sse3, ssse3, sse4.1, sse4.2, popcnt, avx, avx2, aes, clmul, mmxext, 3dnowpref, lzcnt, sse4a, tsc, tscinvbit, tscinv, bmi1

Memory: 4k page, physical 6165836k(144280k free), swap 25040204k(15768k free)

vm_info: OpenJDK 64-Bit Server VM (25.242-b01) for windows-amd64 JRE (1.8.0_242-release-1644-b01), built by "builder" with MS VC++ 10.0 (VS2010)

time: Sat Nov 21 20:39:43 2020
timezone: Paris, Madrid
elapsed time: 124 seconds (0d 0h 2m 4s)

